"../../../Engine/Content/EditorBlueprintResources/StandardMacros.uasset" 0
"../../../../../../Users/DeViNa/Documents/Unreal Projects/VRmolecularBuilderV3/Content/PhysicsBP/DataStructures/elementLUT.uasset" 1
"../../../../../../Users/DeViNa/Documents/Unreal Projects/VRmolecularBuilderV3/Content/Material/RegularMat/AtomMaterial.uasset" 2
"../../../../../../Users/DeViNa/Documents/Unreal Projects/VRmolecularBuilderV3/Content/Material/MatForCelShading/AtomMatInst_CelShading.uasset" 3
"../../../Engine/Content/Functions/Engine_MaterialFunctions01/Opacity/CameraDepthFade.uasset" 4
"../../../Engine/Content/EngineMaterials/T_Default_Material_Grid_M.uasset" 5
"../../../Engine/Content/EngineMaterials/T_Default_Material_Grid_N.uasset" 6
"../../../Engine/Content/EngineMaterials/DefaultMaterial.uasset" 7
"../../../Engine/Content/BasicShapes/Sphere.uasset" 8
"../../../../../../Users/DeViNa/Documents/Unreal Projects/VRmolecularBuilderV3/Content/Assets/AddAtomGun/RandomColorAtom.uasset" 9
"../../../Engine/Content/Functions/Engine_MaterialFunctions02/Fresnel_Function.uasset" 10
"../../../Engine/Content/EngineMaterials/BlendFunc_DefBase.uasset" 11
"../../../Engine/Content/EngineMaterials/BlendFunc_DefBlend.uasset" 12
"../../../Engine/Content/Functions/Engine_MaterialFunctions03/Blends/Blend_Overlay.uasset" 13
"../../../../../../Users/DeViNa/Documents/Unreal Projects/VRmolecularBuilderV3/Content/Material/MatForCelShading/Scanlines_T.uasset" 14
"../../../../../../Users/DeViNa/Documents/Unreal Projects/VRmolecularBuilderV3/Content/Material/TilingNoise03.uasset" 15
"../../../../../../Users/DeViNa/Documents/Unreal Projects/VRmolecularBuilderV3/Content/Material/MatForCelShading/Hologram.uasset" 16
"../../../../../../Users/DeViNa/Documents/Unreal Projects/VRmolecularBuilderV3/Content/Material/MatForCelShading/Hologram_Inst.uasset" 17
"../../../../../../Users/DeViNa/Documents/Unreal Projects/VRmolecularBuilderV3/Content/Assets/AddAtomGun/bodyUV.uasset" 18
"../../../../../../Users/DeViNa/Documents/Unreal Projects/VRmolecularBuilderV3/Content/Assets/AddAtomGun/bodymaterial.uasset" 19
"../../../../../../Users/DeViNa/Documents/Unreal Projects/VRmolecularBuilderV3/Content/Assets/AddAtomGun/triggerUV.uasset" 20
"../../../../../../Users/DeViNa/Documents/Unreal Projects/VRmolecularBuilderV3/Content/Assets/AddAtomGun/canon.uasset" 21
"../../../../../../Users/DeViNa/Documents/Unreal Projects/VRmolecularBuilderV3/Content/Assets/AddAtomGun/glassBowl.uasset" 22
"../../../../../../Users/DeViNa/Documents/Unreal Projects/VRmolecularBuilderV3/Content/Assets/AddAtomGun/handleUV.uasset" 23
"../../../../../../Users/DeViNa/Documents/Unreal Projects/VRmolecularBuilderV3/Content/Assets/AddAtomGun/Handle.uasset" 24
"../../../../../../Users/DeViNa/Documents/Unreal Projects/VRmolecularBuilderV3/Content/Assets/AddAtomGun/handsUV.uasset" 25
"../../../../../../Users/DeViNa/Documents/Unreal Projects/VRmolecularBuilderV3/Content/Assets/AddAtomGun/Hands.uasset" 26
"../../../../../../Users/DeViNa/Documents/Unreal Projects/VRmolecularBuilderV3/Content/Assets/AddAtomGun/laser.uasset" 27
"../../../../../../Users/DeViNa/Documents/Unreal Projects/VRmolecularBuilderV3/Content/Assets/AddAtomGun/MouthUV.uasset" 28
"../../../../../../Users/DeViNa/Documents/Unreal Projects/VRmolecularBuilderV3/Content/Assets/AddAtomGun/Mouth.uasset" 29
"../../../../../../Users/DeViNa/Documents/Unreal Projects/VRmolecularBuilderV3/Content/Assets/AddAtomGun/handlePannelsUV.uasset" 30
"../../../../../../Users/DeViNa/Documents/Unreal Projects/VRmolecularBuilderV3/Content/Assets/AddAtomGun/SideHandlePanels.uasset" 31
"../../../../../../Users/DeViNa/Documents/Unreal Projects/VRmolecularBuilderV3/Content/Assets/AddAtomGun/TopCylinderUV.uasset" 32
"../../../../../../Users/DeViNa/Documents/Unreal Projects/VRmolecularBuilderV3/Content/Assets/AddAtomGun/TopCylinder.uasset" 33
"../../../../../../Users/DeViNa/Documents/Unreal Projects/VRmolecularBuilderV3/Content/Assets/AddAtomGun/trigger.uasset" 34
"../../../../../../Users/DeViNa/Documents/Unreal Projects/VRmolecularBuilderV3/Content/Assets/AddAtomGun/triggerCaseUV.uasset" 35
"../../../../../../Users/DeViNa/Documents/Unreal Projects/VRmolecularBuilderV3/Content/Assets/AddAtomGun/triggerCase.uasset" 36
"../../../../../../Users/DeViNa/Documents/Unreal Projects/VRmolecularBuilderV3/Content/Assets/AddAtomGun/AddAtomGun_Mesh.uasset" 37
"../../../../../../Users/DeViNa/Documents/Unreal Projects/VRmolecularBuilderV3/Content/Assets/AddAtomGun/AddAtomGun.uasset" 38
"../../../../../../Users/DeViNa/Documents/Unreal Projects/VRmolecularBuilderV3/Content/Assets/AddAtomGun/AddAtomGun_body.uasset" 39
"../../../../../../Users/DeViNa/Documents/Unreal Projects/VRmolecularBuilderV3/Content/Assets/AddAtomGun/AddAtomGun_Canon.uasset" 40
"../../../../../../Users/DeViNa/Documents/Unreal Projects/VRmolecularBuilderV3/Content/Assets/AddAtomGun/AddAtomGun_Cylinder.uasset" 41
"../../../../../../Users/DeViNa/Documents/Unreal Projects/VRmolecularBuilderV3/Content/Assets/AddAtomGun/AddAtomGun_glass_bowl.uasset" 42
"../../../../../../Users/DeViNa/Documents/Unreal Projects/VRmolecularBuilderV3/Content/Assets/AddAtomGun/AddAtomGun_handle.uasset" 43
"../../../../../../Users/DeViNa/Documents/Unreal Projects/VRmolecularBuilderV3/Content/Assets/AddAtomGun/AddAtomGun_handlewood.uasset" 44
"../../../../../../Users/DeViNa/Documents/Unreal Projects/VRmolecularBuilderV3/Content/Assets/AddAtomGun/AddAtomGun_handlewood2.uasset" 45
"../../../../../../Users/DeViNa/Documents/Unreal Projects/VRmolecularBuilderV3/Content/Assets/AddAtomGun/AddAtomGun_hands.uasset" 46
"../../../../../../Users/DeViNa/Documents/Unreal Projects/VRmolecularBuilderV3/Content/Assets/AddAtomGun/AddAtomGun_hands_002.uasset" 47
"../../../../../../Users/DeViNa/Documents/Unreal Projects/VRmolecularBuilderV3/Content/Assets/AddAtomGun/AddAtomGun_hands_003.uasset" 48
"../../../../../../Users/DeViNa/Documents/Unreal Projects/VRmolecularBuilderV3/Content/Assets/AddAtomGun/AddAtomGun_Mouth.uasset" 49
"../../../../../../Users/DeViNa/Documents/Unreal Projects/VRmolecularBuilderV3/Content/Assets/AddAtomGun/AddAtomGun_Mouth_001.uasset" 50
"../../../../../../Users/DeViNa/Documents/Unreal Projects/VRmolecularBuilderV3/Content/Assets/AddAtomGun/AddAtomGun_Mouth_002.uasset" 51
"../../../../../../Users/DeViNa/Documents/Unreal Projects/VRmolecularBuilderV3/Content/Assets/AddAtomGun/AddAtomGun_Plane.uasset" 52
"../../../../../../Users/DeViNa/Documents/Unreal Projects/VRmolecularBuilderV3/Content/Assets/AddAtomGun/AddAtomGun_triggerprotect_oval_001.uasset" 53
"../../../../../../Users/DeViNa/Documents/Unreal Projects/VRmolecularBuilderV3/Content/Assets/AddAtomGun/detailedTextures/bodyUV_detailed.uasset" 54
"../../../../../../Users/DeViNa/Documents/Unreal Projects/VRmolecularBuilderV3/Content/Assets/AddAtomGun/detailedTextures/handlePannelsUV_detailed.uasset" 55
"../../../../../../Users/DeViNa/Documents/Unreal Projects/VRmolecularBuilderV3/Content/Assets/AddAtomGun/detailedTextures/handleUV_detailed.uasset" 56
"../../../../../../Users/DeViNa/Documents/Unreal Projects/VRmolecularBuilderV3/Content/Assets/AddAtomGun/detailedTextures/handsUV_detailed.uasset" 57
"../../../../../../Users/DeViNa/Documents/Unreal Projects/VRmolecularBuilderV3/Content/Assets/AddAtomGun/detailedTextures/MouthUV_detailed.uasset" 58
"../../../../../../Users/DeViNa/Documents/Unreal Projects/VRmolecularBuilderV3/Content/Assets/AddAtomGun/detailedTextures/TopCylinderUV_detailed.uasset" 59
"../../../../../../Users/DeViNa/Documents/Unreal Projects/VRmolecularBuilderV3/Content/Assets/AddAtomGun/detailedTextures/triggerCaseUV_detailed.uasset" 60
"../../../../../../Users/DeViNa/Documents/Unreal Projects/VRmolecularBuilderV3/Content/Assets/AddAtomGun/detailedTextures/triggerUV_detailed.uasset" 61
"../../../../../../Users/DeViNa/Documents/Unreal Projects/VRmolecularBuilderV3/Content/Assets/Butler/Butler.uasset" 62
"../../../../../../Users/DeViNa/Documents/Unreal Projects/VRmolecularBuilderV3/Content/Assets/Buttons/100x100ButtonRounded.uasset" 63
"../../../../../../Users/DeViNa/Documents/Unreal Projects/VRmolecularBuilderV3/Content/Assets/Buttons/100x100ButtonRoundedFill.uasset" 64
"../../../../../../Users/DeViNa/Documents/Unreal Projects/VRmolecularBuilderV3/Content/Assets/ComputerScreen/BeigeMat.uasset" 65
"../../../../../../Users/DeViNa/Documents/Unreal Projects/VRmolecularBuilderV3/Content/Material/MatForCelShading/OneMoreScreenMat.uasset" 66
"../../../../../../Users/DeViNa/Documents/Unreal Projects/VRmolecularBuilderV3/Content/Assets/ComputerScreen/ComputerScreenOne.uasset" 67
"../../../../../../Users/DeViNa/Documents/Unreal Projects/VRmolecularBuilderV3/Content/Assets/ComputerScreen/ComputerScreenTWO.uasset" 68
"../../../../../../Users/DeViNa/Documents/Unreal Projects/VRmolecularBuilderV3/Content/Assets/ComputerScreen/roundedComputer.uasset" 69
"../../../../../../Users/DeViNa/Documents/Unreal Projects/VRmolecularBuilderV3/Content/Assets/ControllerSprites/MenuButton.uasset" 70
"../../../../../../Users/DeViNa/Documents/Unreal Projects/VRmolecularBuilderV3/Content/Assets/Desk/Material.uasset" 71
"../../../../../../Users/DeViNa/Documents/Unreal Projects/VRmolecularBuilderV3/Content/Assets/Desk/desk2.uasset" 72
"../../../../../../Users/DeViNa/Documents/Unreal Projects/VRmolecularBuilderV3/Content/Assets/Desk/DeskTop.uasset" 73
"../../../../../../Users/DeViNa/Documents/Unreal Projects/VRmolecularBuilderV3/Content/Material/MatForCelShading/MetalPlane_CelShading.uasset" 74
"../../../../../../Users/DeViNa/Documents/Unreal Projects/VRmolecularBuilderV3/Content/Material/MatForCelShading/MetalPlane_CelShading_Inst.uasset" 75
"../../../../../../Users/DeViNa/Documents/Unreal Projects/VRmolecularBuilderV3/Content/Assets/Desk/roundedDesk.uasset" 76
"../../../Engine/Content/EngineMaterials/Good64x64TilingNoiseHighFreq.uasset" 77
"../../../Engine/Content/Functions/Engine_MaterialFunctions01/Texturing/SpiralBlur-SceneTexture.uasset" 78
"../../../../../../Users/DeViNa/Documents/Unreal Projects/VRmolecularBuilderV3/Content/Assets/Door/DoorSmokedGlass.uasset" 79
"../../../../../../Users/DeViNa/Documents/Unreal Projects/VRmolecularBuilderV3/Content/Assets/Door/DoorSmokedGlass_Inst.uasset" 80
"../../../../../../Users/DeViNa/Documents/Unreal Projects/VRmolecularBuilderV3/Content/Assets/Door/DoorMetal.uasset" 81
"../../../../../../Users/DeViNa/Documents/Unreal Projects/VRmolecularBuilderV3/Content/Assets/Door/ShowerDoor_Group_001.uasset" 82
"../../../../../../Users/DeViNa/Documents/Unreal Projects/VRmolecularBuilderV3/Content/Assets/DoorPad/Metal.uasset" 83
"../../../../../../Users/DeViNa/Documents/Unreal Projects/VRmolecularBuilderV3/Content/Assets/FlameThrower/Handle.uasset" 84
"../../../../../../Users/DeViNa/Documents/Unreal Projects/VRmolecularBuilderV3/Content/Assets/ElectrodeTool/redHotFilament.uasset" 85
"../../../../../../Users/DeViNa/Documents/Unreal Projects/VRmolecularBuilderV3/Content/Assets/ElectrodeTool/vacuumTubeTorch_BezierCurve.uasset" 86
"../../../../../../Users/DeViNa/Documents/Unreal Projects/VRmolecularBuilderV3/Content/Material/MatForCelShading/MateBlack.uasset" 87
"../../../../../../Users/DeViNa/Documents/Unreal Projects/VRmolecularBuilderV3/Content/Assets/ElectrodeTool/vacuumTubeTorch_Cube.uasset" 88
"../../../../../../Users/DeViNa/Documents/Unreal Projects/VRmolecularBuilderV3/Content/Assets/ElectrodeTool/vacuumTubeTorch_Cylinder.uasset" 89
"../../../../../../Users/DeViNa/Documents/Unreal Projects/VRmolecularBuilderV3/Content/Material/RegularMat/MateBlack.uasset" 90
"../../../../../../Users/DeViNa/Documents/Unreal Projects/VRmolecularBuilderV3/Content/Assets/ElectrodeTool/vacuumTubeTorch_Cylinder_001.uasset" 91
"../../../../../../Users/DeViNa/Documents/Unreal Projects/VRmolecularBuilderV3/Content/Material/MatForCelShading/AddAtomGunSphere.uasset" 92
"../../../../../../Users/DeViNa/Documents/Unreal Projects/VRmolecularBuilderV3/Content/Assets/ElectrodeTool/vacuumTubeTorch_Cylinder_002.uasset" 93
"../../../../../../Users/DeViNa/Documents/Unreal Projects/VRmolecularBuilderV3/Content/Assets/ElectrodeTool/vacuumTubeTorch_Cylinder_003.uasset" 94
"../../../../../../Users/DeViNa/Documents/Unreal Projects/VRmolecularBuilderV3/Content/Assets/ElectrodeTool/vacuumTubeTorch_Sphere.uasset" 95
"../../../../../../Users/DeViNa/Documents/Unreal Projects/VRmolecularBuilderV3/Content/Assets/ElectrodeTool/VaccumTubeTorch.uasset" 96
"../../../../../../Users/DeViNa/Documents/Unreal Projects/VRmolecularBuilderV3/Content/Assets/FlameThrower/Metal.uasset" 97
"../../../../../../Users/DeViNa/Documents/Unreal Projects/VRmolecularBuilderV3/Content/Assets/FlameThrower/TankNuvlearUV.uasset" 98
"../../../../../../Users/DeViNa/Documents/Unreal Projects/VRmolecularBuilderV3/Content/Assets/FlameThrower/Tank.uasset" 99
"../../../../../../Users/DeViNa/Documents/Unreal Projects/VRmolecularBuilderV3/Content/Assets/FlameThrower/tip.uasset" 100
"../../../../../../Users/DeViNa/Documents/Unreal Projects/VRmolecularBuilderV3/Content/Assets/FlameThrower/FlameThrower_Mesh.uasset" 101
"../../../../../../Users/DeViNa/Documents/Unreal Projects/VRmolecularBuilderV3/Content/Assets/FlameThrower/FlameThrower.uasset" 102
"../../../Engine/Content/EngineMaterials/WorldGridMaterial.uasset" 103
"../../../../../../Users/DeViNa/Documents/Unreal Projects/VRmolecularBuilderV3/Content/Assets/FlameThrower/flamethrowerSize.uasset" 104
"../../../../../../Users/DeViNa/Documents/Unreal Projects/VRmolecularBuilderV3/Content/Assets/FlameThrower/flamethrowerSupport.uasset" 105
"../../../../../../Users/DeViNa/Documents/Unreal Projects/VRmolecularBuilderV3/Content/Assets/FlameThrower/flamethrower_ExitTube.uasset" 106
"../../../../../../Users/DeViNa/Documents/Unreal Projects/VRmolecularBuilderV3/Content/Assets/FlameThrower/flamethrower_FeedTube.uasset" 107
"../../../../../../Users/DeViNa/Documents/Unreal Projects/VRmolecularBuilderV3/Content/Assets/FlameThrower/flamethrower_FeedTube_001.uasset" 108
"../../../../../../Users/DeViNa/Documents/Unreal Projects/VRmolecularBuilderV3/Content/Assets/FlameThrower/flamethrower_Handle.uasset" 109
"../../../../../../Users/DeViNa/Documents/Unreal Projects/VRmolecularBuilderV3/Content/Assets/FlameThrower/flamethrower_NuclearTank.uasset" 110
"../../../../../../Users/DeViNa/Documents/Unreal Projects/VRmolecularBuilderV3/Content/Assets/Hammer/textures/Albedo.uasset" 111
"../../../../../../Users/DeViNa/Documents/Unreal Projects/VRmolecularBuilderV3/Content/Assets/Hammer/textures/Metalik.uasset" 112
"../../../../../../Users/DeViNa/Documents/Unreal Projects/VRmolecularBuilderV3/Content/Assets/Hammer/textures/NRM.uasset" 113
"../../../../../../Users/DeViNa/Documents/Unreal Projects/VRmolecularBuilderV3/Content/Assets/Hammer/textures/Roug.uasset" 114
"../../../../../../Users/DeViNa/Documents/Unreal Projects/VRmolecularBuilderV3/Content/Assets/Hammer/HammerMat.uasset" 115
"../../../../../../Users/DeViNa/Documents/Unreal Projects/VRmolecularBuilderV3/Content/Assets/Hammer/Hammer.uasset" 116
"../../../../../../Users/DeViNa/Documents/Unreal Projects/VRmolecularBuilderV3/Content/Assets/Hatchet/Cavity.uasset" 117
"../../../../../../Users/DeViNa/Documents/Unreal Projects/VRmolecularBuilderV3/Content/Assets/Hatchet/Color.uasset" 118
"../../../../../../Users/DeViNa/Documents/Unreal Projects/VRmolecularBuilderV3/Content/Assets/Hatchet/Albedo.uasset" 119
"../../../../../../Users/DeViNa/Documents/Unreal Projects/VRmolecularBuilderV3/Content/Assets/Hatchet/Gloss.uasset" 120
"../../../../../../Users/DeViNa/Documents/Unreal Projects/VRmolecularBuilderV3/Content/Assets/Hatchet/Metalness.uasset" 121
"../../../../../../Users/DeViNa/Documents/Unreal Projects/VRmolecularBuilderV3/Content/Assets/Hatchet/Normal_Detailed.uasset" 122
"../../../../../../Users/DeViNa/Documents/Unreal Projects/VRmolecularBuilderV3/Content/Assets/Hatchet/polymshMat.uasset" 123
"../../../../../../Users/DeViNa/Documents/Unreal Projects/VRmolecularBuilderV3/Content/Assets/Hatchet/Hatchet.uasset" 124
"../../../../../../Users/DeViNa/Documents/Unreal Projects/VRmolecularBuilderV3/Content/Assets/Hatchet/Normal_Clrear.uasset" 125
"../../../../../../Users/DeViNa/Documents/Unreal Projects/VRmolecularBuilderV3/Content/Assets/Hatchet/ObjNormals.uasset" 126
"../../../../../../Users/DeViNa/Documents/Unreal Projects/VRmolecularBuilderV3/Content/Assets/Hatchet/Occlusion.uasset" 127
"../../../../../../Users/DeViNa/Documents/Unreal Projects/VRmolecularBuilderV3/Content/Assets/Incinerator/incinerator_Cube.uasset" 128
"../../../../../../Users/DeViNa/Documents/Unreal Projects/VRmolecularBuilderV3/Content/Assets/Incinerator/incinerator_Cylinder.uasset" 129
"../../../../../../Users/DeViNa/Documents/Unreal Projects/VRmolecularBuilderV3/Content/Assets/Incinerator/incinerator_Cylinder_001.uasset" 130
"../../../../../../Users/DeViNa/Documents/Unreal Projects/VRmolecularBuilderV3/Content/Assets/Lamp/fonarik_low_maxMat.uasset" 131
"../../../../../../Users/DeViNa/Documents/Unreal Projects/VRmolecularBuilderV3/Content/Assets/Lamp/fonarik_low_obj.uasset" 132
"../../../../../../Users/DeViNa/Documents/Unreal Projects/VRmolecularBuilderV3/Content/Assets/LightBeam/lightBeam.uasset" 133
"../../../../../../Users/DeViNa/Documents/Unreal Projects/VRmolecularBuilderV3/Content/Material/MatForCelShading/NeonLight_CelShading.uasset" 134
"../../../Engine/Content/BasicShapes/Cylinder.uasset" 135
"../../../../../../Users/DeViNa/Documents/Unreal Projects/VRmolecularBuilderV3/Content/Assets/Lights/NeonLight_Blue.uasset" 136
"../../../../../../Users/DeViNa/Documents/Unreal Projects/VRmolecularBuilderV3/Content/Assets/LowPoly-Trees/Green_Ground.uasset" 137
"../../../../../../Users/DeViNa/Documents/Unreal Projects/VRmolecularBuilderV3/Content/Assets/LowPoly-Trees/Green_Ground_Inst.uasset" 138
"../../../../../../Users/DeViNa/Documents/Unreal Projects/VRmolecularBuilderV3/Content/Assets/LowPoly-Trees/Green.uasset" 139
"../../../../../../Users/DeViNa/Documents/Unreal Projects/VRmolecularBuilderV3/Content/Assets/LowPoly-Trees/Green_2.uasset" 140
"../../../../../../Users/DeViNa/Documents/Unreal Projects/VRmolecularBuilderV3/Content/Assets/LowPoly-Trees/Trunk.uasset" 141
"../../../../../../Users/DeViNa/Documents/Unreal Projects/VRmolecularBuilderV3/Content/Assets/LowPoly-Trees/Palm_Tree.uasset" 142
"../../../../../../Users/DeViNa/Documents/Unreal Projects/VRmolecularBuilderV3/Content/Assets/LowPoly-Trees/Poplar_Tree.uasset" 143
"../../../../../../Users/DeViNa/Documents/Unreal Projects/VRmolecularBuilderV3/Content/Assets/Maps/ground.uasset" 144
"../../../../../../Users/DeViNa/Documents/Unreal Projects/VRmolecularBuilderV3/Content/Assets/Maps/innerWalls.uasset" 145
"../../../../../../Users/DeViNa/Documents/Unreal Projects/VRmolecularBuilderV3/Content/Material/MatForCelShading/WallMat_CelShading.uasset" 146
"../../../../../../Users/DeViNa/Documents/Unreal Projects/VRmolecularBuilderV3/Content/Assets/Maps/labMap1_Walls.uasset" 147
"../../../../../../Users/DeViNa/Documents/Unreal Projects/VRmolecularBuilderV3/Content/Assets/Maps/outterWall.uasset" 148
"../../../../../../Users/DeViNa/Documents/Unreal Projects/VRmolecularBuilderV3/Content/Assets/Mug/CupMat.uasset" 149
"../../../../../../Users/DeViNa/Documents/Unreal Projects/VRmolecularBuilderV3/Content/Assets/PrinterPlatfrom/metal1.uasset" 150
"../../../../../../Users/DeViNa/Documents/Unreal Projects/VRmolecularBuilderV3/Content/VirtualReality/Mannequin/Character/Mesh/MannequinHand_Right_Skeleton.uasset" 151
"../../../../../../Users/DeViNa/Documents/Unreal Projects/VRmolecularBuilderV3/Content/VirtualReality/Mannequin/Animations/MannequinHand_Right_CanGrab.uasset" 152
"../../../../../../Users/DeViNa/Documents/Unreal Projects/VRmolecularBuilderV3/Content/VirtualReality/Mannequin/Animations/MannequinHand_Right_Grab.uasset" 153
"../../../../../../Users/DeViNa/Documents/Unreal Projects/VRmolecularBuilderV3/Content/VirtualReality/Mannequin/Animations/MannequinHand_Right_Open.uasset" 154
"../../../../../../Users/DeViNa/Documents/Unreal Projects/VRmolecularBuilderV3/Content/VirtualReality/Mannequin/Animations/RightGrip_BS.uasset" 155
"../../../../../../Users/DeViNa/Documents/Unreal Projects/VRmolecularBuilderV3/Content/VirtualRealityBP/Blueprints/GripEnum.uasset" 156
"../../../../../../Users/DeViNa/Documents/Unreal Projects/VRmolecularBuilderV3/Content/VirtualReality/Mannequin/Animations/RightHand_AnimBP.uasset" 157
"../../../Engine/Content/BasicShapes/BasicShapeMaterial.uasset" 158
"../../../Engine/Content/BasicShapes/Cube.uasset" 159
"../../../../../../Users/DeViNa/Documents/Unreal Projects/VRmolecularBuilderV3/Content/PhysicsBP/Grabable.uasset" 160
"../../../../../../Users/DeViNa/Documents/Unreal Projects/VRmolecularBuilderV3/Content/VirtualRealityBP/Blueprints/PickupActorInterface.uasset" 161
"../../../../../../Users/DeViNa/Documents/Unreal Projects/VRmolecularBuilderV3/Content/Material/MatForCelShading/AtomMaterial_CelShading.uasset" 162
"../../../../../../Users/DeViNa/Documents/Unreal Projects/VRmolecularBuilderV3/Content/PhysicsBP/MockupForPrinter/Mockup_Atom.uasset" 163
"../../../Engine/Content/Functions/Engine_MaterialFunctions02/Utility/VectorLength.uasset" 164
"../../../Engine/Content/Functions/Engine_MaterialFunctions02/WorldPositionOffset/ObjectScale.uasset" 165
"../../../../../../Users/DeViNa/Documents/Unreal Projects/VRmolecularBuilderV3/Content/Material/UE4Mat/T_Perlin_Noise_M.uasset" 166
"../../../../../../Users/DeViNa/Documents/Unreal Projects/VRmolecularBuilderV3/Content/Material/MatForCelShading/BlobMat.uasset" 167
"../../../../../../Users/DeViNa/Documents/Unreal Projects/VRmolecularBuilderV3/Content/Material/MatForCelShading/BlobMat_Inst.uasset" 168
"../../../../../../Users/DeViNa/Documents/Unreal Projects/VRmolecularBuilderV3/Content/Material/MatForCelShading/BlobMat_Positive_Inst.uasset" 169
"../../../../../../Users/DeViNa/Documents/Unreal Projects/VRmolecularBuilderV3/Content/PhysicsBP/Electrode.uasset" 170
"../../../../../../Users/DeViNa/Documents/Unreal Projects/VRmolecularBuilderV3/Content/PhysicsBP/DataStructures/AtomProperties.uasset" 171
"../../../../../../Users/DeViNa/Documents/Unreal Projects/VRmolecularBuilderV3/Content/Particles/smoke2.uasset" 172
"../../../../../../Users/DeViNa/Documents/Unreal Projects/VRmolecularBuilderV3/Content/Particles/SmokeMat2_NoFade.uasset" 173
"../../../../../../Users/DeViNa/Documents/Unreal Projects/VRmolecularBuilderV3/Content/Particles/smoke3.uasset" 174
"../../../../../../Users/DeViNa/Documents/Unreal Projects/VRmolecularBuilderV3/Content/Particles/SmokeMat3_NoFade.uasset" 175
"../../../../../../Users/DeViNa/Documents/Unreal Projects/VRmolecularBuilderV3/Content/Particles/smoke.uasset" 176
"../../../../../../Users/DeViNa/Documents/Unreal Projects/VRmolecularBuilderV3/Content/Particles/SmokeMat_NoFade.uasset" 177
"../../../../../../Users/DeViNa/Documents/Unreal Projects/VRmolecularBuilderV3/Content/Particles/DestroyedAtomSmoke.uasset" 178
"../../../../../../Users/DeViNa/Documents/Unreal Projects/VRmolecularBuilderV3/Content/Material/RegularMat/BondMaterial.uasset" 179
"../../../Engine/Content/EngineMeshes/Cylinder.uasset" 180
"../../../../../../Users/DeViNa/Documents/Unreal Projects/VRmolecularBuilderV3/Content/PhysicsBP/Bond.uasset" 181
"../../../../../../Users/DeViNa/Documents/Unreal Projects/VRmolecularBuilderV3/Content/PhysicsBP/DataStructures/BondRef.uasset" 182
"../../../../../../Users/DeViNa/Documents/Unreal Projects/VRmolecularBuilderV3/Content/PhysicsBP/Atom.uasset" 183
"../../Plugins/Enterprise/DatasmithContent/Content/Blueprints/FBXImporter/ArrayOfActor.uasset" 184
"../../Plugins/Enterprise/DatasmithContent/Content/Blueprints/FBXImporter/ArrayOfSwitch.uasset" 185
"../../Plugins/Enterprise/DatasmithContent/Content/Blueprints/FBXImporter/BP_SceneNode.uasset" 186
"../../Plugins/Enterprise/DatasmithContent/Content/Blueprints/FBXImporter/BP_Switch.uasset" 187
"../../Plugins/Enterprise/DatasmithContent/Content/Blueprints/FBXImporter/BP_SceneRoot.uasset" 188
"../../Plugins/Enterprise/DatasmithContent/Content/Blueprints/FBXImporter/FBXImporterUtils.uasset" 189
"../../../../../../Users/DeViNa/Documents/Unreal Projects/VRmolecularBuilderV3/Content/PhysicsBP/Molecule.uasset" 190
"../../../../../../Users/DeViNa/Documents/Unreal Projects/VRmolecularBuilderV3/Content/UI_BP/AttachToolInterface.uasset" 191
"../../../../../../Users/DeViNa/Documents/Unreal Projects/VRmolecularBuilderV3/Content/UI_BP/ComputerScreenUI/ButtonClickedInterface.uasset" 192
"../../../../../../Users/DeViNa/Documents/Unreal Projects/VRmolecularBuilderV3/Content/UI_BP/ComputerScreenUI/UI_Bttn.uasset" 193
"../../../../../../Users/DeViNa/Documents/Unreal Projects/VRmolecularBuilderV3/Content/UI_BP/ComputerScreenUI/BttnTarget.uasset" 194
"../../../Engine/Content/EngineResources/WhiteSquareTexture.uasset" 195
"../../../../../../Users/DeViNa/Documents/Unreal Projects/VRmolecularBuilderV3/Content/Material/MatForCelShading/UI_roundedBorderMat.uasset" 196
"../../../../../../Users/DeViNa/Documents/Unreal Projects/VRmolecularBuilderV3/Content/Material/MatForCelShading/UI_roundedBorderMat_Inst.uasset" 197
"../../../../../../Users/DeViNa/Documents/Unreal Projects/VRmolecularBuilderV3/Content/Material/MatForCelShading/UI_roundedMat.uasset" 198
"../../../../../../Users/DeViNa/Documents/Unreal Projects/VRmolecularBuilderV3/Content/Material/MatForCelShading/UI_roundedMat_Inst.uasset" 199
"../../../../../../Users/DeViNa/Documents/Unreal Projects/VRmolecularBuilderV3/Content/UI_BP/ComputerScreenUI/ButtonBackLayer.uasset" 200
"../../../../../../Users/DeViNa/Documents/Unreal Projects/VRmolecularBuilderV3/Content/UI_BP/ComputerScreenUI/ButtonFrontLayer.uasset" 201
"../../../../../../Users/DeViNa/Documents/Unreal Projects/VRmolecularBuilderV3/Content/UI_BP/ComputerScreenUI/UI_ComputerBttn.uasset" 202
"../../../../../../Users/DeViNa/Documents/Unreal Projects/VRmolecularBuilderV3/Content/PhysicsBP/Enum/AvailableActions.uasset" 203
"../../../../../../Users/DeViNa/Documents/Unreal Projects/VRmolecularBuilderV3/Content/VirtualRealityBP/Blueprints/Action.uasset" 204
"../../../../../../Users/DeViNa/Documents/Unreal Projects/VRmolecularBuilderV3/Content/MacroLibrary.uasset" 205
"../../../../../../Users/DeViNa/Documents/Unreal Projects/VRmolecularBuilderV3/Content/Assets/Butler/ButlerNavigation/ButlerBlackboard.uasset" 206
"../../../../../../Users/DeViNa/Documents/Unreal Projects/VRmolecularBuilderV3/Content/Assets/Butler/ButlerNavigation/ButlerTaskGoToActor.uasset" 207
"../../../../../../Users/DeViNa/Documents/Unreal Projects/VRmolecularBuilderV3/Content/Assets/Butler/ButlerNavigation/ButlerTaskIsCloseEnough.uasset" 208
"../../../../../../Users/DeViNa/Documents/Unreal Projects/VRmolecularBuilderV3/Content/Assets/Butler/ButlerNavigation/ButlerTaskIsTooClose.uasset" 209
"../../../../../../Users/DeViNa/Documents/Unreal Projects/VRmolecularBuilderV3/Content/Assets/Butler/ButlerNavigation/ButlerTaskMoveBack.uasset" 210
"../../../../../../Users/DeViNa/Documents/Unreal Projects/VRmolecularBuilderV3/Content/Assets/Butler/ButlerNavigation/ButlerTree.uasset" 211
"../../../../../../Users/DeViNa/Documents/Unreal Projects/VRmolecularBuilderV3/Content/Assets/Butler/ButlerNavigation/ButlerController.uasset" 212
"../../../../../../Users/DeViNa/Documents/Unreal Projects/VRmolecularBuilderV3/Content/Particles/BeamSrcTgt.uasset" 213
"../../../../../../Users/DeViNa/Documents/Unreal Projects/VRmolecularBuilderV3/Content/Material/MatForCelShading/HologramWidget3DPassThrough.uasset" 214
"../../../../../../Users/DeViNa/Documents/Unreal Projects/VRmolecularBuilderV3/Content/Assets/Buttons/arrowLeft100x100.uasset" 215
"../../../../../../Users/DeViNa/Documents/Unreal Projects/VRmolecularBuilderV3/Content/UI_BP/ComputerScreenUI/ButtonBack_ArrowLeft.uasset" 216
"../../../../../../Users/DeViNa/Documents/Unreal Projects/VRmolecularBuilderV3/Content/Assets/Buttons/arrowRight100x100.uasset" 217
"../../../../../../Users/DeViNa/Documents/Unreal Projects/VRmolecularBuilderV3/Content/UI_BP/ComputerScreenUI/ButtonBack_ArrowRight.uasset" 218
"../../../../../../Users/DeViNa/Documents/Unreal Projects/VRmolecularBuilderV3/Content/UI_BP/ComputerScreenUI/ButtonFront_ArrowLeft.uasset" 219
"../../../../../../Users/DeViNa/Documents/Unreal Projects/VRmolecularBuilderV3/Content/UI_BP/ComputerScreenUI/ButtonFront_ArrowRight.uasset" 220
"../../../../../../Users/DeViNa/Documents/Unreal Projects/VRmolecularBuilderV3/Content/UI_BP/ComputerScreenUI/UI_ComputerBttn_Arrow.uasset" 221
"../../../../../../Users/DeViNa/Documents/Unreal Projects/VRmolecularBuilderV3/Content/UI_BP/ComputerScreenUI/UI_ComputerBttn_LeftGrad.uasset" 222
"../../../../../../Users/DeViNa/Documents/Unreal Projects/VRmolecularBuilderV3/Content/UI_BP/ComputerScreenUI/UI_ComputerBttn_RightGrad.uasset" 223
"../../../../../../Users/DeViNa/Documents/Unreal Projects/VRmolecularBuilderV3/Content/UI_BP/ComputerScreenUI/UI_PeriodicTable2.uasset" 224
"../../../Engine/Content/EngineMaterials/Widget3DPassThrough_Fading.uasset" 225
"../../../../../../Users/DeViNa/Documents/Unreal Projects/VRmolecularBuilderV3/Content/Geometry/Meshes/CubeMaterial.uasset" 226
"../../../../../../Users/DeViNa/Documents/Unreal Projects/VRmolecularBuilderV3/Content/Geometry/Meshes/1M_Cube.uasset" 227
"../../../../../../Users/DeViNa/Documents/Unreal Projects/VRmolecularBuilderV3/Content/Assets/line.uasset" 228
"../../../../../../Users/DeViNa/Documents/Unreal Projects/VRmolecularBuilderV3/Content/UI_BP/Labels/toolName.uasset" 229
"../../../../../../Users/DeViNa/Documents/Unreal Projects/VRmolecularBuilderV3/Content/UI_BP/Tools/Tool.uasset" 230
"../../../../../../Users/DeViNa/Documents/Unreal Projects/VRmolecularBuilderV3/Content/Assets/LightBeam/cone.uasset" 231
"../../../../../../Users/DeViNa/Documents/Unreal Projects/VRmolecularBuilderV3/Content/Material/MatForCelShading/HologramForButler.uasset" 232
"../../../../../../Users/DeViNa/Documents/Unreal Projects/VRmolecularBuilderV3/Content/Assets/LightBeam/CustomCone.uasset" 233
"../../../../../../Users/DeViNa/Documents/Unreal Projects/VRmolecularBuilderV3/Content/Particles/SmokeMat3.uasset" 234
"../../../../../../Users/DeViNa/Documents/Unreal Projects/VRmolecularBuilderV3/Content/Particles/AddAtomSphereSystem.uasset" 235
"../../../../../../Users/DeViNa/Documents/Unreal Projects/VRmolecularBuilderV3/Content/Particles/BaseBeam.uasset" 236
"../../../../../../Users/DeViNa/Documents/Unreal Projects/VRmolecularBuilderV3/Content/Particles/BeamPulse.uasset" 237
"../../../../../../Users/DeViNa/Documents/Unreal Projects/VRmolecularBuilderV3/Content/Particles/BeamMat.uasset" 238
"../../../../../../Users/DeViNa/Documents/Unreal Projects/VRmolecularBuilderV3/Content/Particles/Beam.uasset" 239
"../../../../../../Users/DeViNa/Documents/Unreal Projects/VRmolecularBuilderV3/Content/UI_BP/Tools/AddAtomTool.uasset" 240
"../../../../../../Users/DeViNa/Documents/Unreal Projects/VRmolecularBuilderV3/Content/Material/MatForCelShading/RemoveAtomSphere_2.uasset" 241
"../../../../../../Users/DeViNa/Documents/Unreal Projects/VRmolecularBuilderV3/Content/Particles/FlameThrowerParticle.uasset" 242
"../../../../../../Users/DeViNa/Documents/Unreal Projects/VRmolecularBuilderV3/Content/UI_BP/Tools/RemoveAtomTool.uasset" 243
"../../../../../../Users/DeViNa/Documents/Unreal Projects/VRmolecularBuilderV3/Content/Material/MatForCelShading/fairySphere.uasset" 244
"../../../../../../Users/DeViNa/Documents/Unreal Projects/VRmolecularBuilderV3/Content/Assets/SwitchAtomTool/starMat.uasset" 245
"../../../../../../Users/DeViNa/Documents/Unreal Projects/VRmolecularBuilderV3/Content/Assets/SwitchAtomTool/stickUV.uasset" 246
"../../../../../../Users/DeViNa/Documents/Unreal Projects/VRmolecularBuilderV3/Content/Assets/SwitchAtomTool/stickMat.uasset" 247
"../../../../../../Users/DeViNa/Documents/Unreal Projects/VRmolecularBuilderV3/Content/Assets/SwitchAtomTool/FairyStick_Mesh.uasset" 248
"../../../../../../Users/DeViNa/Documents/Unreal Projects/VRmolecularBuilderV3/Content/Assets/SwitchAtomTool/star.uasset" 249
"../../../../../../Users/DeViNa/Documents/Unreal Projects/VRmolecularBuilderV3/Content/Particles/starCloudMat.uasset" 250
"../../../../../../Users/DeViNa/Documents/Unreal Projects/VRmolecularBuilderV3/Content/Particles/StarCloud.uasset" 251
"../../../../../../Users/DeViNa/Documents/Unreal Projects/VRmolecularBuilderV3/Content/UI_BP/Tools/SwitchAtomTool.uasset" 252
"../../../../../../Users/DeViNa/Documents/Unreal Projects/VRmolecularBuilderV3/Content/Assets/Butler/Antenas.uasset" 253
"../../../../../../Users/DeViNa/Documents/Unreal Projects/VRmolecularBuilderV3/Content/Assets/Butler/butlerUV.uasset" 254
"../../../../../../Users/DeViNa/Documents/Unreal Projects/VRmolecularBuilderV3/Content/Assets/Butler/ButlerMat.uasset" 255
"../../../../../../Users/DeViNa/Documents/Unreal Projects/VRmolecularBuilderV3/Content/Assets/Butler/EyeOne.uasset" 256
"../../../../../../Users/DeViNa/Documents/Unreal Projects/VRmolecularBuilderV3/Content/Assets/Butler/eyeTwo.uasset" 257
"../../../../../../Users/DeViNa/Documents/Unreal Projects/VRmolecularBuilderV3/Content/Assets/Butler/Butler_Circle.uasset" 258
"../../../../../../Users/DeViNa/Documents/Unreal Projects/VRmolecularBuilderV3/Content/Assets/Butler/Butler_Cylinder.uasset" 259
"../../../../../../Users/DeViNa/Documents/Unreal Projects/VRmolecularBuilderV3/Content/Assets/Butler/Butler_Cylinder_001.uasset" 260
"../../../../../../Users/DeViNa/Documents/Unreal Projects/VRmolecularBuilderV3/Content/Assets/Butler/Butler_Cylinder_002.uasset" 261
"../../../../../../Users/DeViNa/Documents/Unreal Projects/VRmolecularBuilderV3/Content/Assets/Butler/Butler_Cylinder_003.uasset" 262
"../../../../../../Users/DeViNa/Documents/Unreal Projects/VRmolecularBuilderV3/Content/Assets/Butler/Butler_Sphere.uasset" 263
"../../../../../../Users/DeViNa/Documents/Unreal Projects/VRmolecularBuilderV3/Content/Assets/Butler/Butler_Sphere_001.uasset" 264
"../../../../../../Users/DeViNa/Documents/Unreal Projects/VRmolecularBuilderV3/Content/Assets/Butler/Butler_Sphere_002.uasset" 265
"../../../../../../Users/DeViNa/Documents/Unreal Projects/VRmolecularBuilderV3/Content/Assets/ControllerSprites/Trigger.uasset" 266
"../../../../../../Users/DeViNa/Documents/Unreal Projects/VRmolecularBuilderV3/Content/UI_BP/Labels/GrabTool.uasset" 267
"../../../../../../Users/DeViNa/Documents/Unreal Projects/VRmolecularBuilderV3/Content/Assets/Butler/ButlerPawn.uasset" 268
"../../../../../../Users/DeViNa/Documents/Unreal Projects/VRmolecularBuilderV3/Content/Assets/WhiteBoard/CApMat.uasset" 269
"../../../../../../Users/DeViNa/Documents/Unreal Projects/VRmolecularBuilderV3/Content/Material/MatForCelShading/EmittingWhite.uasset" 270
"../../../Engine/Content/BasicShapes/Plane.uasset" 271
"../../../../../../Users/DeViNa/Documents/Unreal Projects/VRmolecularBuilderV3/Content/UI_BP/Labels/RedCross.uasset" 272
"../../../../../../Users/DeViNa/Documents/Unreal Projects/VRmolecularBuilderV3/Content/Assets/WhiteBoard/CApMat_Red.uasset" 273
"../../../../../../Users/DeViNa/Documents/Unreal Projects/VRmolecularBuilderV3/Content/UI_BP/Plotting/PlottingCylinder.uasset" 274
"../../../../../../Users/DeViNa/Documents/Unreal Projects/VRmolecularBuilderV3/Content/UI_BP/Plotting/plottingLabels.uasset" 275
"../../../../../../Users/DeViNa/Documents/Unreal Projects/VRmolecularBuilderV3/Content/Assets/search-solid.uasset" 276
"../../../../../../Users/DeViNa/Documents/Unreal Projects/VRmolecularBuilderV3/Content/UI_BP/Plotting/zoom.uasset" 277
"../../../../../../Users/DeViNa/Documents/Unreal Projects/VRmolecularBuilderV3/Content/UI_BP/Plotting/2DPlot_Spline1.uasset" 278
"../../../../../../Users/DeViNa/Documents/Unreal Projects/VRmolecularBuilderV3/Content/Assets/ElectrodeTool/blueHotFilament.uasset" 279
"../../../../../../Users/DeViNa/Documents/Unreal Projects/VRmolecularBuilderV3/Content/Material/MatForCelShading/OneMoreScreenMat_2.uasset" 280
"../../../../../../Users/DeViNa/Documents/Unreal Projects/VRmolecularBuilderV3/Content/Assets/ElectrodeTool/VaccumTubeTorch_Mesh.uasset" 281
"../../../../../../Users/DeViNa/Documents/Unreal Projects/VRmolecularBuilderV3/Content/Particles/Beam_Red.uasset" 282
"../../../../../../Users/DeViNa/Documents/Unreal Projects/VRmolecularBuilderV3/Content/Assets/ElectrodeTool/positive.uasset" 283
"../../../../../../Users/DeViNa/Documents/Unreal Projects/VRmolecularBuilderV3/Content/Particles/signMat.uasset" 284
"../../../../../../Users/DeViNa/Documents/Unreal Projects/VRmolecularBuilderV3/Content/Assets/ElectrodeTool/negative.uasset" 285
"../../../../../../Users/DeViNa/Documents/Unreal Projects/VRmolecularBuilderV3/Content/Particles/negative.uasset" 286
"../../../../../../Users/DeViNa/Documents/Unreal Projects/VRmolecularBuilderV3/Content/Particles/negativeParticles2.uasset" 287
"../../../../../../Users/DeViNa/Documents/Unreal Projects/VRmolecularBuilderV3/Content/Particles/PositiveParticles.uasset" 288
"../../../../../../Users/DeViNa/Documents/Unreal Projects/VRmolecularBuilderV3/Content/UI_BP/Tools/ElectrodeTool.uasset" 289
"../../../../../../Users/DeViNa/Documents/Unreal Projects/VRmolecularBuilderV3/Content/NetworkBP/NetFlags.uasset" 290
"../../../../../../Users/DeViNa/Documents/Unreal Projects/VRmolecularBuilderV3/Content/NetworkBP/ActorTCP.uasset" 291
"../../../Engine/Content/Functions/Engine_MaterialFunctions02/Gradients/RayTraceSphereFalloff.uasset" 292
"../../../../../../Users/DeViNa/Documents/Unreal Projects/VRmolecularBuilderV3/Content/Material/MatForCelShading/FadingMat.uasset" 293
"../../../../../../Users/DeViNa/Documents/Unreal Projects/VRmolecularBuilderV3/Content/PhysicsBP/Lead.uasset" 294
"../../../../../../Users/DeViNa/Documents/Unreal Projects/VRmolecularBuilderV3/Content/PhysicsBP/DataStructures/ConnectivityBuffer.uasset" 295
"../../../../../../Users/DeViNa/Documents/Unreal Projects/VRmolecularBuilderV3/Content/PhysicsBP/DataStructures/MaxContrastColorList.uasset" 296
"../../../../../../Users/DeViNa/Documents/Unreal Projects/VRmolecularBuilderV3/Content/Assets/Mug/MugMat.uasset" 297
"../../../../../../Users/DeViNa/Documents/Unreal Projects/VRmolecularBuilderV3/Content/Assets/Mug/CupMat_CelShading.uasset" 298
"../../../../../../Users/DeViNa/Documents/Unreal Projects/VRmolecularBuilderV3/Content/Assets/Mug/coffeMug1_free_obj.uasset" 299
"../../../../../../Users/DeViNa/Documents/Unreal Projects/VRmolecularBuilderV3/Content/Assets/Mug/Cup.uasset" 300
"../../../../../../Users/DeViNa/Documents/Unreal Projects/VRmolecularBuilderV3/Content/Assets/WhiteBoard/MarkerWhite.uasset" 301
"../../../../../../Users/DeViNa/Documents/Unreal Projects/VRmolecularBuilderV3/Content/Assets/ComputerScreen/ScreenMat.uasset" 302
"../../../../../../Users/DeViNa/Documents/Unreal Projects/VRmolecularBuilderV3/Content/Assets/Incinerator/Incinerator_Mesh.uasset" 303
"../../../../../../Users/DeViNa/Documents/Unreal Projects/VRmolecularBuilderV3/Content/Assets/Incinerator/Flame_CurvyDrop.uasset" 304
"../../../../../../Users/DeViNa/Documents/Unreal Projects/VRmolecularBuilderV3/Content/Particles/Drop_Flame.uasset" 305
"../../../../../../Users/DeViNa/Documents/Unreal Projects/VRmolecularBuilderV3/Content/Particles/Flames.uasset" 306
"../../../../../../Users/DeViNa/Documents/Unreal Projects/VRmolecularBuilderV3/Content/UI_BP/Labels/MoleculeName.uasset" 307
"../../../../../../Users/DeViNa/Documents/Unreal Projects/VRmolecularBuilderV3/Content/Assets/Incinerator/Incinerator.uasset" 308
"../../../../../../Users/DeViNa/Documents/Unreal Projects/VRmolecularBuilderV3/Content/PhysicsBP/MockupForPrinter/Mockup_Bond.uasset" 309
"../../../../../../Users/DeViNa/Documents/Unreal Projects/VRmolecularBuilderV3/Content/PhysicsBP/DataStructures/MockupAtomRef.uasset" 310
"../../../../../../Users/DeViNa/Documents/Unreal Projects/VRmolecularBuilderV3/Content/PhysicsBP/DataStructures/MockupBondList.uasset" 311
"../../../../../../Users/DeViNa/Documents/Unreal Projects/VRmolecularBuilderV3/Content/PhysicsBP/MockupForPrinter/Mockup_Molecule.uasset" 312
"../../../../../../Users/DeViNa/Documents/Unreal Projects/VRmolecularBuilderV3/Content/PhysicsBP/DataStructures/MoleculeRef.uasset" 313
"../../../../../../Users/DeViNa/Documents/Unreal Projects/VRmolecularBuilderV3/Content/PhysicsBP/SimulationContainer.uasset" 314
"../../../../../../Users/DeViNa/Documents/Unreal Projects/VRmolecularBuilderV3/Content/Assets/Buttons/arrowDown100x100.uasset" 315
"../../../../../../Users/DeViNa/Documents/Unreal Projects/VRmolecularBuilderV3/Content/UI_BP/Labels/ElementDisplay.uasset" 316
"../../../../../../Users/DeViNa/Documents/Unreal Projects/VRmolecularBuilderV3/Content/UI_BP/Labels/ElementDisplay_BP.uasset" 317
"../../../../../../Users/DeViNa/Documents/Unreal Projects/VRmolecularBuilderV3/Content/Assets/ControllerSprites/SideTrigger.uasset" 318
"../../../../../../Users/DeViNa/Documents/Unreal Projects/VRmolecularBuilderV3/Content/UI_BP/Labels/GrabMolecule.uasset" 319
"../../../../../../Users/DeViNa/Documents/Unreal Projects/VRmolecularBuilderV3/Content/UI_BP/Labels/GrabMoleculeBP.uasset" 320
"../../../../../../Users/DeViNa/Documents/Unreal Projects/VRmolecularBuilderV3/Content/UI_BP/Labels/RedCrossBP.uasset" 321
"../../../../../../Users/DeViNa/Documents/Unreal Projects/VRmolecularBuilderV3/Content/UI_BP/Loading.uasset" 322
"../../../../../../Users/DeViNa/Documents/Unreal Projects/VRmolecularBuilderV3/Content/UI_BP/LoadingBP.uasset" 323
"../../../../../../Users/DeViNa/Documents/Unreal Projects/VRmolecularBuilderV3/Content/UI_BP/Labels/Loading.uasset" 324
"../../../../../../Users/DeViNa/Documents/Unreal Projects/VRmolecularBuilderV3/Content/UI_BP/Labels/BP_Loading.uasset" 325
"../../../../../../Users/DeViNa/Documents/Unreal Projects/VRmolecularBuilderV3/Content/Assets/Radio/radio_Cube.uasset" 326
"../../../../../../Users/DeViNa/Documents/Unreal Projects/VRmolecularBuilderV3/Content/Assets/Radio/radio_Cylinder.uasset" 327
"../../../../../../Users/DeViNa/Documents/Unreal Projects/VRmolecularBuilderV3/Content/Assets/Door/DoorMetal_CelShading.uasset" 328
"../../../../../../Users/DeViNa/Documents/Unreal Projects/VRmolecularBuilderV3/Content/Assets/Radio/radio_Cylinder_001.uasset" 329
"../../../../../../Users/DeViNa/Documents/Unreal Projects/VRmolecularBuilderV3/Content/Assets/Radio/Radio_AO_R_M.uasset" 330
"../../../../../../Users/DeViNa/Documents/Unreal Projects/VRmolecularBuilderV3/Content/Assets/Radio/Radio_D.uasset" 331
"../../../../../../Users/DeViNa/Documents/Unreal Projects/VRmolecularBuilderV3/Content/Assets/Radio/Radio_N_smooth.uasset" 332
"../../../../../../Users/DeViNa/Documents/Unreal Projects/VRmolecularBuilderV3/Content/Assets/Radio/Radio_Mat.uasset" 333
"../../../../../../Users/DeViNa/Documents/Unreal Projects/VRmolecularBuilderV3/Content/Assets/Radio/Radio_Mesh.uasset" 334
"../../../../../../Users/DeViNa/Documents/Unreal Projects/VRmolecularBuilderV3/Content/UI_BP/Tools/ForceFieldTool.uasset" 335
"../../../../../../Users/DeViNa/Documents/Unreal Projects/VRmolecularBuilderV3/Content/VirtualRealityBP/Blueprints/RoomBounds.uasset" 336
"../../../../../../Users/DeViNa/Documents/Unreal Projects/VRmolecularBuilderV3/Content/Assets/splashScreen/loadingTexture.uasset" 337
"../../../../../../Users/DeViNa/Documents/Unreal Projects/VRmolecularBuilderV3/Content/VirtualRealityBP/Blueprints/MotionControllerPawn.uasset" 338
"../../../../../../Users/DeViNa/Documents/Unreal Projects/VRmolecularBuilderV3/Content/UI_BP/ComputerScreenUI/UI_UndoBttn.uasset" 339
"../../../../../../Users/DeViNa/Documents/Unreal Projects/VRmolecularBuilderV3/Content/VirtualRealityBP/Blueprints/MotionControllerHaptics.uasset" 340
"../../../Engine/Content/Functions/Engine_MaterialFunctions02/Utility/BreakOutFloat2Components.uasset" 341
"../../../Engine/Content/Functions/Engine_MaterialFunctions01/Texturing/ScaleUVsByCenter.uasset" 342
"../../../Engine/Content/Functions/Engine_MaterialFunctions02/ScreenResolution.uasset" 343
"../../../Engine/Content/Functions/Engine_MaterialFunctions02/Texturing/ScreenAlignedUVs.uasset" 344
"../../../Engine/Content/Functions/Engine_MaterialFunctions02/Utility/CameraDirectionVector.uasset" 345
"../../../Engine/Content/Functions/Engine_MaterialFunctions02/Utility/DepthFromWorldPosition.uasset" 346
"../../../../../../Users/DeViNa/Documents/Unreal Projects/VRmolecularBuilderV3/Content/VirtualReality/Materials/MF_OccludedPixels.uasset" 347
"../../../../../../Users/DeViNa/Documents/Unreal Projects/VRmolecularBuilderV3/Content/VirtualReality/Materials/TeleportMCP.uasset" 348
"../../../../../../Users/DeViNa/Documents/Unreal Projects/VRmolecularBuilderV3/Content/VirtualReality/Materials/M_ArcEndpoint.uasset" 349
"../../../../../../Users/DeViNa/Documents/Unreal Projects/VRmolecularBuilderV3/Content/VirtualReality/Materials/M_SplineArcMat.uasset" 350
"../../../../../../Users/DeViNa/Documents/Unreal Projects/VRmolecularBuilderV3/Content/VirtualReality/Materials/M_TeleportPreviews.uasset" 351
"../../../../../../Users/DeViNa/Documents/Unreal Projects/VRmolecularBuilderV3/Content/VirtualReality/Materials/MI_ChaperoneOutline.uasset" 352
"../../../../../../Users/DeViNa/Documents/Unreal Projects/VRmolecularBuilderV3/Content/VirtualReality/Materials/MI_TeleportCylinderPreview.uasset" 353
"../../../../../../Users/DeViNa/Documents/Unreal Projects/VRmolecularBuilderV3/Content/Assets/hANDS/GloveMat.uasset" 354
"../../../../../../Users/DeViNa/Documents/Unreal Projects/VRmolecularBuilderV3/Content/Assets/hANDS/LabCoatMat.uasset" 355
"../../../../../../Users/DeViNa/Documents/Unreal Projects/VRmolecularBuilderV3/Content/Assets/hANDS/hand2_PhysicsAsset.uasset" 356
"../../../../../../Users/DeViNa/Documents/Unreal Projects/VRmolecularBuilderV3/Content/Assets/hANDS/hand2.uasset" 357
"../../../../../../Users/DeViNa/Documents/Unreal Projects/VRmolecularBuilderV3/Content/Assets/watch/watch_Mesh.uasset" 358
"../../../../../../Users/DeViNa/Documents/Unreal Projects/VRmolecularBuilderV3/Content/VirtualReality/Meshes/1x1_cube.uasset" 359
"../../../../../../Users/DeViNa/Documents/Unreal Projects/VRmolecularBuilderV3/Content/VirtualReality/Meshes/BeaconDirection.uasset" 360
"../../../../../../Users/DeViNa/Documents/Unreal Projects/VRmolecularBuilderV3/Content/VirtualReality/Meshes/BeamMesh.uasset" 361
"../../../../../../Users/DeViNa/Documents/Unreal Projects/VRmolecularBuilderV3/Content/VirtualReality/Meshes/SM_FatCylinder.uasset" 362
"../../../../../../Users/DeViNa/Documents/Unreal Projects/VRmolecularBuilderV3/Content/VirtualRealityBP/Blueprints/BP_MotionController.uasset" 363
"../../../../../../Users/DeViNa/Documents/Unreal Projects/VRmolecularBuilderV3/Content/Assets/Radio/Radio.uasset" 364
"../../../../../../Users/DeViNa/Documents/Unreal Projects/VRmolecularBuilderV3/Content/Assets/Radio/radio_10_low.uasset" 365
"../../../../../../Users/DeViNa/Documents/Unreal Projects/VRmolecularBuilderV3/Content/Assets/Radio/radio_11_low.uasset" 366
"../../../../../../Users/DeViNa/Documents/Unreal Projects/VRmolecularBuilderV3/Content/Assets/Radio/radio_12_low.uasset" 367
"../../../../../../Users/DeViNa/Documents/Unreal Projects/VRmolecularBuilderV3/Content/Assets/Radio/radio_13_low.uasset" 368
"../../../../../../Users/DeViNa/Documents/Unreal Projects/VRmolecularBuilderV3/Content/Assets/Radio/radio_14_low.uasset" 369
"../../../../../../Users/DeViNa/Documents/Unreal Projects/VRmolecularBuilderV3/Content/Assets/Radio/radio_15_low.uasset" 370
"../../../../../../Users/DeViNa/Documents/Unreal Projects/VRmolecularBuilderV3/Content/Assets/Radio/radio_1_low.uasset" 371
"../../../../../../Users/DeViNa/Documents/Unreal Projects/VRmolecularBuilderV3/Content/Assets/Radio/radio_2_low.uasset" 372
"../../../../../../Users/DeViNa/Documents/Unreal Projects/VRmolecularBuilderV3/Content/Assets/Radio/radio_3_low.uasset" 373
"../../../../../../Users/DeViNa/Documents/Unreal Projects/VRmolecularBuilderV3/Content/Assets/Radio/radio_4_low.uasset" 374
"../../../../../../Users/DeViNa/Documents/Unreal Projects/VRmolecularBuilderV3/Content/Assets/Radio/radio_5_low.uasset" 375
"../../../../../../Users/DeViNa/Documents/Unreal Projects/VRmolecularBuilderV3/Content/Assets/Radio/radio_6_low.uasset" 376
"../../../../../../Users/DeViNa/Documents/Unreal Projects/VRmolecularBuilderV3/Content/Assets/Radio/radio_7_low.uasset" 377
"../../../../../../Users/DeViNa/Documents/Unreal Projects/VRmolecularBuilderV3/Content/Assets/Radio/radio_8_low.uasset" 378
"../../../../../../Users/DeViNa/Documents/Unreal Projects/VRmolecularBuilderV3/Content/Assets/Radio/radio_9_low.uasset" 379
"../../../../../../Users/DeViNa/Documents/Unreal Projects/VRmolecularBuilderV3/Content/Assets/Radio/detailedTexture/Radio_D_detailed.uasset" 380
"../../../../../../Users/DeViNa/Documents/Unreal Projects/VRmolecularBuilderV3/Content/Assets/Radio/detailedTexture/Radio_N.uasset" 381
"../../../../../../Users/DeViNa/Documents/Unreal Projects/VRmolecularBuilderV3/Content/Assets/SciFiPiedestal/texture/tech_pedestal_COL.uasset" 382
"../../../../../../Users/DeViNa/Documents/Unreal Projects/VRmolecularBuilderV3/Content/Assets/SciFiPiedestal/texture/tech_pedestal_EMIT.uasset" 383
"../../../../../../Users/DeViNa/Documents/Unreal Projects/VRmolecularBuilderV3/Content/Assets/SciFiPiedestal/texture/tech_pedestal_ROUGHNESS.uasset" 384
"../../../../../../Users/DeViNa/Documents/Unreal Projects/VRmolecularBuilderV3/Content/Assets/SciFiPiedestal/tech_pedestal_mat.uasset" 385
"../../../../../../Users/DeViNa/Documents/Unreal Projects/VRmolecularBuilderV3/Content/Assets/SciFiPiedestal/tech_pedestal.uasset" 386
"../../../../../../Users/DeViNa/Documents/Unreal Projects/VRmolecularBuilderV3/Content/Assets/SciFiPiedestal/texture/tech_pedestal_METALLIC.uasset" 387
"../../../../../../Users/DeViNa/Documents/Unreal Projects/VRmolecularBuilderV3/Content/Assets/SciFiPiedestal/texture/tech_pedestal_SPEC.uasset" 388
"../../../../../../Users/DeViNa/Documents/Unreal Projects/VRmolecularBuilderV3/Content/Assets/Shelf/shelf.uasset" 389
"../../../../../../Users/DeViNa/Documents/Unreal Projects/VRmolecularBuilderV3/Content/Assets/SquareLights/LampFrame_CelShading.uasset" 390
"../../../../../../Users/DeViNa/Documents/Unreal Projects/VRmolecularBuilderV3/Content/Assets/SquareLights/LampFrame.uasset" 391
"../../../../../../Users/DeViNa/Documents/Unreal Projects/VRmolecularBuilderV3/Content/Assets/SquareLights/lampMat.uasset" 392
"../../../../../../Users/DeViNa/Documents/Unreal Projects/VRmolecularBuilderV3/Content/Assets/SquareLights/SquareLight.uasset" 393
"../../../../../../Users/DeViNa/Documents/Unreal Projects/VRmolecularBuilderV3/Content/Assets/SquareLights/SquareLight2.uasset" 394
"../../../../../../Users/DeViNa/Documents/Unreal Projects/VRmolecularBuilderV3/Content/Assets/SquareLights/SquareLight3.uasset" 395
"../../../../../../Users/DeViNa/Documents/Unreal Projects/VRmolecularBuilderV3/Content/Assets/SwitchAtomTool/fairyStick.uasset" 396
"../../../../../../Users/DeViNa/Documents/Unreal Projects/VRmolecularBuilderV3/Content/Assets/SwitchAtomTool/fairyStick_Cube.uasset" 397
"../../../../../../Users/DeViNa/Documents/Unreal Projects/VRmolecularBuilderV3/Content/Assets/SwitchAtomTool/fairyStick_Cylinder.uasset" 398
"../../../../../../Users/DeViNa/Documents/Unreal Projects/VRmolecularBuilderV3/Content/Assets/ToolPanel/AddAtomLabel.uasset" 399
"../../../../../../Users/DeViNa/Documents/Unreal Projects/VRmolecularBuilderV3/Content/Assets/ToolPanel/PanelMat.uasset" 400
"../../../../../../Users/DeViNa/Documents/Unreal Projects/VRmolecularBuilderV3/Content/Assets/ToolPanel/PanelMat_Inst.uasset" 401
"../../../../../../Users/DeViNa/Documents/Unreal Projects/VRmolecularBuilderV3/Content/Assets/ToolPanel/ToolPanel_Cube.uasset" 402
"../../../../../../Users/DeViNa/Documents/Unreal Projects/VRmolecularBuilderV3/Content/Assets/ToolPanel/ToolPanel_Plane.uasset" 403
"../../../../../../Users/DeViNa/Documents/Unreal Projects/VRmolecularBuilderV3/Content/Assets/ToolPanel/ToolPanel.uasset" 404
"../../../../../../Users/DeViNa/Documents/Unreal Projects/VRmolecularBuilderV3/Content/Assets/ToolPanel/ToolPanel_Cube_001.uasset" 405
"../../../../../../Users/DeViNa/Documents/Unreal Projects/VRmolecularBuilderV3/Content/Assets/ToolPanel/ToolPanel_Cylinder.uasset" 406
"../../../../../../Users/DeViNa/Documents/Unreal Projects/VRmolecularBuilderV3/Content/Assets/ToolPanel/ToolPanel_Cylinder_001.uasset" 407
"../../../../../../Users/DeViNa/Documents/Unreal Projects/VRmolecularBuilderV3/Content/Assets/watch/watch_Cylinder.uasset" 408
"../../../../../../Users/DeViNa/Documents/Unreal Projects/VRmolecularBuilderV3/Content/Assets/watch/watch_Cylinder_001.uasset" 409
"../../../../../../Users/DeViNa/Documents/Unreal Projects/VRmolecularBuilderV3/Content/Assets/WhiteBoard/Marker.uasset" 410
"../../../../../../Users/DeViNa/Documents/Unreal Projects/VRmolecularBuilderV3/Content/Assets/WhiteBoard/MarkerBP.uasset" 411
"../../../../../../Users/DeViNa/Documents/Unreal Projects/VRmolecularBuilderV3/Content/Assets/WhiteBoard/CApMat_Blue.uasset" 412
"../../../../../../Users/DeViNa/Documents/Unreal Projects/VRmolecularBuilderV3/Content/Assets/WhiteBoard/Marker_Blue.uasset" 413
"../../../../../../Users/DeViNa/Documents/Unreal Projects/VRmolecularBuilderV3/Content/Assets/WhiteBoard/CApMat_Green.uasset" 414
"../../../../../../Users/DeViNa/Documents/Unreal Projects/VRmolecularBuilderV3/Content/Assets/WhiteBoard/Marker_Green.uasset" 415
"../../../../../../Users/DeViNa/Documents/Unreal Projects/VRmolecularBuilderV3/Content/Assets/WhiteBoard/MetalArmature.uasset" 416
"../../../../../../Users/DeViNa/Documents/Unreal Projects/VRmolecularBuilderV3/Content/Assets/WhiteBoard/whiteboardSurface.uasset" 417
"../../../../../../Users/DeViNa/Documents/Unreal Projects/VRmolecularBuilderV3/Content/Assets/WhiteBoard/WhiteBoard1.uasset" 418
"../../../../../../Users/DeViNa/Documents/Unreal Projects/VRmolecularBuilderV3/Content/Assets/WhiteBoard/whiteboard.uasset" 419
"../../../../../../Users/DeViNa/Documents/Unreal Projects/VRmolecularBuilderV3/Content/Geometry/Meshes/1M_Cube_Chamfer.uasset" 420
"../../../../../../Users/DeViNa/Documents/Unreal Projects/VRmolecularBuilderV3/Content/Geometry/Meshes/TemplateFloor.uasset" 421
"../../../../../../Users/DeViNa/Documents/Unreal Projects/VRmolecularBuilderV3/Content/Images/10Transport.uasset" 422
"../../../../../../Users/DeViNa/Documents/Unreal Projects/VRmolecularBuilderV3/Content/Images/11Transport.uasset" 423
"../../../../../../Users/DeViNa/Documents/Unreal Projects/VRmolecularBuilderV3/Content/Images/12Transport.uasset" 424
"../../../../../../Users/DeViNa/Documents/Unreal Projects/VRmolecularBuilderV3/Content/Images/13Transport.uasset" 425
"../../../../../../Users/DeViNa/Documents/Unreal Projects/VRmolecularBuilderV3/Content/Images/1Transport.uasset" 426
"../../../../../../Users/DeViNa/Documents/Unreal Projects/VRmolecularBuilderV3/Content/Images/2Transport.uasset" 427
"../../../../../../Users/DeViNa/Documents/Unreal Projects/VRmolecularBuilderV3/Content/Images/3Transport.uasset" 428
"../../../../../../Users/DeViNa/Documents/Unreal Projects/VRmolecularBuilderV3/Content/Images/4Transport.uasset" 429
"../../../../../../Users/DeViNa/Documents/Unreal Projects/VRmolecularBuilderV3/Content/Images/5Transport.uasset" 430
"../../../../../../Users/DeViNa/Documents/Unreal Projects/VRmolecularBuilderV3/Content/Images/6Transport.uasset" 431
"../../../../../../Users/DeViNa/Documents/Unreal Projects/VRmolecularBuilderV3/Content/Images/7Transport.uasset" 432
"../../../../../../Users/DeViNa/Documents/Unreal Projects/VRmolecularBuilderV3/Content/Images/8Transport.uasset" 433
"../../../../../../Users/DeViNa/Documents/Unreal Projects/VRmolecularBuilderV3/Content/Images/9Transport.uasset" 434
"../../../../../../Users/DeViNa/Documents/Unreal Projects/VRmolecularBuilderV3/Content/Material/LUT_Tables/Grayscale.uasset" 435
"../../../Engine/Content/Functions/Engine_MaterialFunctions01/Density/ExponentialDensity.uasset" 436
"../../../Engine/Content/Functions/Engine_MaterialFunctions01/Gradient/RadialGradientExponential.uasset" 437
"../../../../../../Users/DeViNa/Documents/Unreal Projects/VRmolecularBuilderV3/Content/Material/MatForCelShading/AtomPlacer_CelShading.uasset" 438
"../../../../../../Users/DeViNa/Documents/Unreal Projects/VRmolecularBuilderV3/Content/Material/MatForCelShading/BondMaterial_CelShading.uasset" 439
"../../../../../../Users/DeViNa/Documents/Unreal Projects/VRmolecularBuilderV3/Content/Material/MatForCelShading/cel_shading_lookup_texture.uasset" 440
"../../../../../../Users/DeViNa/Documents/Unreal Projects/VRmolecularBuilderV3/Content/Material/MatForCelShading/HologramForText.uasset" 441
"../../../../../../Users/DeViNa/Documents/Unreal Projects/VRmolecularBuilderV3/Content/Material/MatForCelShading/HologramForText_Inst.uasset" 442
"../../../Engine/Content/Functions/Engine_MaterialFunctions02/Texturing/CustomRotator.uasset" 443
"../../../../../../Users/DeViNa/Documents/Unreal Projects/VRmolecularBuilderV3/Content/Material/MatForCelShading/HologramPerpendicular.uasset" 444
"../../../../../../Users/DeViNa/Documents/Unreal Projects/VRmolecularBuilderV3/Content/Material/MatForCelShading/HologramPerpendicular_Inst.uasset" 445
"../../../../../../Users/DeViNa/Documents/Unreal Projects/VRmolecularBuilderV3/Content/Material/MatForCelShading/HologramWidget3DPassThrough1WithBlend.uasset" 446
"../../../../../../Users/DeViNa/Documents/Unreal Projects/VRmolecularBuilderV3/Content/Material/MatForCelShading/HologramWidget3DPassThrough1WithBlend_Inst.uasset" 447
"../../../../../../Users/DeViNa/Documents/Unreal Projects/VRmolecularBuilderV3/Content/Material/MatForCelShading/HologramWidget3DPassThrough_Deactivated_Inst1.uasset" 448
"../../../Engine/Content/Functions/Engine_MaterialFunctions01/Gradient/LinearGradient.uasset" 449
"../../../../../../Users/DeViNa/Documents/Unreal Projects/VRmolecularBuilderV3/Content/Material/MatForCelShading/HologramWidgetMatWithGradientOpacity.uasset" 450
"../../../../../../Users/DeViNa/Documents/Unreal Projects/VRmolecularBuilderV3/Content/Material/MatForCelShading/HologramWidgetMatWithGradientOpacityWithBlend.uasset" 451
"../../../../../../Users/DeViNa/Documents/Unreal Projects/VRmolecularBuilderV3/Content/Material/MatForCelShading/HologramWidgetMatWithGradientOpacityWithBlend_Inst_Left.uasset" 452
"../../../../../../Users/DeViNa/Documents/Unreal Projects/VRmolecularBuilderV3/Content/Material/MatForCelShading/HologramWidgetMatWithGradientOpacityWithBlend_Inst_Right.uasset" 453
"../../../../../../Users/DeViNa/Documents/Unreal Projects/VRmolecularBuilderV3/Content/Material/MatForCelShading/Hologram_Inst_ForText.uasset" 454
"../../../../../../Users/DeViNa/Documents/Unreal Projects/VRmolecularBuilderV3/Content/Material/RegularMat/NeonLight.uasset" 455
"../../../../../../Users/DeViNa/Documents/Unreal Projects/VRmolecularBuilderV3/Content/Material/MatForCelShading/Neon_CelShading.uasset" 456
"../../../../../../Users/DeViNa/Documents/Unreal Projects/VRmolecularBuilderV3/Content/Material/MatForCelShading/SelectedAtom_CelShading.uasset" 457
"../../../../../../Users/DeViNa/Documents/Unreal Projects/VRmolecularBuilderV3/Content/Material/MatForCelShading/ShinyBlackFloor_CelShading.uasset" 458
"../../../../../../Users/DeViNa/Documents/Unreal Projects/VRmolecularBuilderV3/Content/Material/MatForCelShading/SmokedGlass2_CelShading.uasset" 459
"../../../../../../Users/DeViNa/Documents/Unreal Projects/VRmolecularBuilderV3/Content/Material/MatForCelShading/SoftAtTheEdges.uasset" 460
"../../../Engine/Content/Functions/Engine_MaterialFunctions02/HueShift.uasset" 461
"../../../../../../Users/DeViNa/Documents/Unreal Projects/VRmolecularBuilderV3/Content/Material/PlottingMaterials/3DPlotShader.uasset" 462
"../../../../../../Users/DeViNa/Documents/Unreal Projects/VRmolecularBuilderV3/Content/Material/PlottingMaterials/3DPlotShader_Inst.uasset" 463
"../../../../../../Users/DeViNa/Documents/Unreal Projects/VRmolecularBuilderV3/Content/Material/PlottingMaterials/ColorBarMat.uasset" 464
"../../../../../../Users/DeViNa/Documents/Unreal Projects/VRmolecularBuilderV3/Content/Material/RegularMat/AtomMatInst.uasset" 465
"../../../../../../Users/DeViNa/Documents/Unreal Projects/VRmolecularBuilderV3/Content/Material/RegularMat/AtomPlacer.uasset" 466
"../../../../../../Users/DeViNa/Documents/Unreal Projects/VRmolecularBuilderV3/Content/Material/RegularMat/GroundMat.uasset" 467
"../../../../../../Users/DeViNa/Documents/Unreal Projects/VRmolecularBuilderV3/Content/Material/RegularMat/GroundMat_2.uasset" 468
"../../../../../../Users/DeViNa/Documents/Unreal Projects/VRmolecularBuilderV3/Content/Material/RegularMat/MetalPlane.uasset" 469
"../../../../../../Users/DeViNa/Documents/Unreal Projects/VRmolecularBuilderV3/Content/Material/RegularMat/ScreenGlassMat.uasset" 470
"../../../../../../Users/DeViNa/Documents/Unreal Projects/VRmolecularBuilderV3/Content/Material/RegularMat/ScreenGlassMat1.uasset" 471
"../../../../../../Users/DeViNa/Documents/Unreal Projects/VRmolecularBuilderV3/Content/Material/RegularMat/ScreenGlassMat1_Inst.uasset" 472
"../../../../../../Users/DeViNa/Documents/Unreal Projects/VRmolecularBuilderV3/Content/Material/RegularMat/SelectedAtom.uasset" 473
"../../../../../../Users/DeViNa/Documents/Unreal Projects/VRmolecularBuilderV3/Content/Material/RegularMat/ShinyBlackFloor.uasset" 474
"../../../../../../Users/DeViNa/Documents/Unreal Projects/VRmolecularBuilderV3/Content/Material/RegularMat/SmokedGlass2.uasset" 475
"../../../../../../Users/DeViNa/Documents/Unreal Projects/VRmolecularBuilderV3/Content/Material/RegularMat/WallMat.uasset" 476
"../../../../../../Users/DeViNa/Documents/Unreal Projects/VRmolecularBuilderV3/Content/Material/UE4Mat/M_Wood_Floor_Walnut_Polished.uasset" 477
"../../../Engine/Content/Functions/Engine_MaterialFunctions01/Opacity/AlphaOffset.uasset" 478
"../../../../../../Users/DeViNa/Documents/Unreal Projects/VRmolecularBuilderV3/Content/Material/UE4Mat/M_Wood_Floor_Walnut_Worn.uasset" 479
"../../../../../../Users/DeViNa/Documents/Unreal Projects/VRmolecularBuilderV3/Content/Material/UE4Mat/T_MacroVariation.uasset" 480
"../../../../../../Users/DeViNa/Documents/Unreal Projects/VRmolecularBuilderV3/Content/Material/UE4Mat/T_Wood_Floor_Walnut_D.uasset" 481
"../../../../../../Users/DeViNa/Documents/Unreal Projects/VRmolecularBuilderV3/Content/Material/UE4Mat/T_Wood_Floor_Walnut_N.uasset" 482
"../../../../../../Users/DeViNa/Documents/Unreal Projects/VRmolecularBuilderV3/Content/Material/UE4Mat/M_Wood_Walnut.uasset" 483
"../../../../../../Users/DeViNa/Documents/Unreal Projects/VRmolecularBuilderV3/Content/Material/UE4Mat/T_Concrete_Tiles_D.uasset" 484
"../../../../../../Users/DeViNa/Documents/Unreal Projects/VRmolecularBuilderV3/Content/Material/UE4Mat/T_Concrete_Tiles_M.uasset" 485
"../../../../../../Users/DeViNa/Documents/Unreal Projects/VRmolecularBuilderV3/Content/Material/UE4Mat/T_Concrete_Tiles_N.uasset" 486
"../../../../../../Users/DeViNa/Documents/Unreal Projects/VRmolecularBuilderV3/Content/Material/UE4Mat/T_Concrete_Tiles_Variation_M.uasset" 487
"../../../../../../Users/DeViNa/Documents/Unreal Projects/VRmolecularBuilderV3/Content/Material/UE4Mat/T_Wood_Floor_Walnut_M.uasset" 488
"../../../../../../Users/DeViNa/Documents/Unreal Projects/VRmolecularBuilderV3/Content/Material/UE4Mat/T_Wood_Oak_D.uasset" 489
"../../../../../../Users/DeViNa/Documents/Unreal Projects/VRmolecularBuilderV3/Content/Material/UE4Mat/T_Wood_Oak_N.uasset" 490
"../../../../../../Users/DeViNa/Documents/Unreal Projects/VRmolecularBuilderV3/Content/Material/UE4Mat/T_Wood_Pine_D.uasset" 491
"../../../../../../Users/DeViNa/Documents/Unreal Projects/VRmolecularBuilderV3/Content/Material/UE4Mat/T_Wood_Pine_N.uasset" 492
"../../../../../../Users/DeViNa/Documents/Unreal Projects/VRmolecularBuilderV3/Content/Material/UE4Mat/T_Wood_Walnut_D.uasset" 493
"../../../../../../Users/DeViNa/Documents/Unreal Projects/VRmolecularBuilderV3/Content/Material/UE4Mat/T_Wood_Walnut_N.uasset" 494
"../../../../../../Users/DeViNa/Documents/Unreal Projects/VRmolecularBuilderV3/Content/Particles/SmokeMat.uasset" 495
"../../../../../../Users/DeViNa/Documents/Unreal Projects/VRmolecularBuilderV3/Content/Particles/SmokeMat2.uasset" 496
"../../../../../../Users/DeViNa/Documents/Unreal Projects/VRmolecularBuilderV3/Content/Particles/PrintedMoleculeSmoke.uasset" 497
"../../../../../../Users/DeViNa/Documents/Unreal Projects/VRmolecularBuilderV3/Content/PhysicsBP/Enum/SelectableTypes.uasset" 498
"../../../../../../Users/DeViNa/Documents/Unreal Projects/VRmolecularBuilderV3/Content/Material/MatForCelShading/ScreenGlassMat_CElShading.uasset" 499
"../../../../../../Users/DeViNa/Documents/Unreal Projects/VRmolecularBuilderV3/Content/UI_BP/ComputerScreen.uasset" 500
"../../../Engine/Content/EngineMeshes/Sphere.uasset" 501
"../../../../../../Users/DeViNa/Documents/Unreal Projects/VRmolecularBuilderV3/Content/Assets/halfCyl.uasset" 502
"../../../../../../Users/DeViNa/Documents/Unreal Projects/VRmolecularBuilderV3/Content/Particles/PrinterParticlesMat.uasset" 503
"../../../../../../Users/DeViNa/Documents/Unreal Projects/VRmolecularBuilderV3/Content/Particles/PrinterFireflies.uasset" 504
"../../../../../../Users/DeViNa/Documents/Unreal Projects/VRmolecularBuilderV3/Content/UI_BP/WeaponPresenter.uasset" 505
"../../../../../../Users/DeViNa/Documents/Unreal Projects/VRmolecularBuilderV3/Content/Assets/Buttons/300x50ButtonRounded.uasset" 506
"../../../../../../Users/DeViNa/Documents/Unreal Projects/VRmolecularBuilderV3/Content/Assets/Buttons/300x50ButtonRoundedFill.uasset" 507
"../../../../../../Users/DeViNa/Documents/Unreal Projects/VRmolecularBuilderV3/Content/UI_BP/ComputerScreenUI/ButtonBackLayer_Long.uasset" 508
"../../../../../../Users/DeViNa/Documents/Unreal Projects/VRmolecularBuilderV3/Content/UI_BP/ComputerScreenUI/UI_ComputerBttn_Long.uasset" 509
"../../../../../../Users/DeViNa/Documents/Unreal Projects/VRmolecularBuilderV3/Content/UI_BP/ComputerScreenUI/UI_PeriodicTable.uasset" 510
"../../../../../../Users/DeViNa/Documents/Unreal Projects/VRmolecularBuilderV3/Content/PhysicsBP/MockupForPrinter/Mockup_SimulationContainer.uasset" 511
"../../../../../../Users/DeViNa/Documents/Unreal Projects/VRmolecularBuilderV3/Content/UI_BP/ComputerScreenUI/Display.uasset" 512
"../../../../../../Users/DeViNa/Documents/Unreal Projects/VRmolecularBuilderV3/Content/UI_BP/ComputerScreenUI/UI_TextDisplay.uasset" 513
"../../../../../../Users/DeViNa/Documents/Unreal Projects/VRmolecularBuilderV3/Content/UI_BP/ComputerScreenUI/UI_SaveScreen_LEGACY.uasset" 514
"../../../../../../Users/DeViNa/Documents/Unreal Projects/VRmolecularBuilderV3/Content/UI_BP/ComputerScreenUI/UI_ComputerHomeMenu_LEGACY.uasset" 515
"../../../../../../Users/DeViNa/Documents/Unreal Projects/VRmolecularBuilderV3/Content/Assets/PrinterPlatfrom/PrinterPlatform_Cone_000.uasset" 516
"../../../../../../Users/DeViNa/Documents/Unreal Projects/VRmolecularBuilderV3/Content/Assets/PrinterPlatfrom/PrinterPlatform_Cone_001.uasset" 517
"../../../../../../Users/DeViNa/Documents/Unreal Projects/VRmolecularBuilderV3/Content/Assets/PrinterPlatfrom/PrinterPlatform_Cone_002.uasset" 518
"../../../../../../Users/DeViNa/Documents/Unreal Projects/VRmolecularBuilderV3/Content/Assets/PrinterPlatfrom/PrinterPlatform_Cylinder.uasset" 519
"../../../../../../Users/DeViNa/Documents/Unreal Projects/VRmolecularBuilderV3/Content/Assets/PrinterPlatfrom/PrinterPlatform_Cylinder_001.uasset" 520
"../../../../../../Users/DeViNa/Documents/Unreal Projects/VRmolecularBuilderV3/Content/Assets/PrinterPlatfrom/metal2.uasset" 521
"../../../../../../Users/DeViNa/Documents/Unreal Projects/VRmolecularBuilderV3/Content/Assets/PrinterPlatfrom/PrinterPlatform_Torus_000.uasset" 522
"../../../../../../Users/DeViNa/Documents/Unreal Projects/VRmolecularBuilderV3/Content/Assets/PrinterPlatfrom/PrinterPlatform_Torus_001.uasset" 523
"../../../../../../Users/DeViNa/Documents/Unreal Projects/VRmolecularBuilderV3/Content/Assets/PrinterPlatfrom/PrinterPlatform_Torus_002.uasset" 524
"../../../../../../Users/DeViNa/Documents/Unreal Projects/VRmolecularBuilderV3/Content/Assets/PrinterPlatfrom/PrinterPlatform_Torus_003.uasset" 525
"../../../../../../Users/DeViNa/Documents/Unreal Projects/VRmolecularBuilderV3/Content/Assets/PrinterPlatfrom/PrinterPlatform_Torus_004.uasset" 526
"../../../../../../Users/DeViNa/Documents/Unreal Projects/VRmolecularBuilderV3/Content/Assets/PrinterPlatfrom/PrinterPlatform_Torus_005.uasset" 527
"../../../../../../Users/DeViNa/Documents/Unreal Projects/VRmolecularBuilderV3/Content/Assets/PrinterPlatfrom/PrinterPlatform_Torus_006.uasset" 528
"../../../../../../Users/DeViNa/Documents/Unreal Projects/VRmolecularBuilderV3/Content/Assets/PrinterPlatfrom/PrinterPlatform_Torus_007.uasset" 529
"../../../../../../Users/DeViNa/Documents/Unreal Projects/VRmolecularBuilderV3/Content/Assets/PrinterPlatfrom/PrinterPlatform_Torus_008.uasset" 530
"../../../../../../Users/DeViNa/Documents/Unreal Projects/VRmolecularBuilderV3/Content/Assets/PrinterPlatfrom/PrinterPlatform_Torus_009.uasset" 531
"../../../../../../Users/DeViNa/Documents/Unreal Projects/VRmolecularBuilderV3/Content/Assets/PrinterPlatfrom/PrinterPlatform_Torus_010.uasset" 532
"../../../../../../Users/DeViNa/Documents/Unreal Projects/VRmolecularBuilderV3/Content/Assets/PrinterPlatfrom/PrinterPlatform_Torus_011.uasset" 533
"../../../../../../Users/DeViNa/Documents/Unreal Projects/VRmolecularBuilderV3/Content/Assets/PrinterPlatfrom/PrintingPlatform.uasset" 534
"../../../../../../Users/DeViNa/Documents/Unreal Projects/VRmolecularBuilderV3/Content/Particles/FlashParticle.uasset" 535
"../../../../../../Users/DeViNa/Documents/Unreal Projects/VRmolecularBuilderV3/Content/Particles/Flash.uasset" 536
"../../../../../../Users/DeViNa/Documents/Unreal Projects/VRmolecularBuilderV3/Content/Particles/PrinterOnSmoke.uasset" 537
"../../../../../../Users/DeViNa/Documents/Unreal Projects/VRmolecularBuilderV3/Content/UI_BP/MoleculePrinter_LEGACY.uasset" 538
"../../../../../../Users/DeViNa/Documents/Unreal Projects/VRmolecularBuilderV3/Content/UI_BP/ComputerScreenUI/UI_LoadScreen.uasset" 539
"../../../../../../Users/DeViNa/Documents/Unreal Projects/VRmolecularBuilderV3/Content/UI_BP/ComputerScreenUI/OK.uasset" 540
"../../../../../../Users/DeViNa/Documents/Unreal Projects/VRmolecularBuilderV3/Content/UI_BP/ComputerScreenUI/UI_OKScreen.uasset" 541
"../../../../../../Users/DeViNa/Documents/Unreal Projects/VRmolecularBuilderV3/Content/Material/RegularMat/InvisibleWall.uasset" 542
"../../../../../../Users/DeViNa/Documents/Unreal Projects/VRmolecularBuilderV3/Content/Material/MatForCelShading/HologramWidget3DPassThrough_Inst.uasset" 543
"../../../../../../Users/DeViNa/Documents/Unreal Projects/VRmolecularBuilderV3/Content/Assets/cylinderic_panel.uasset" 544
"../../../../../../Users/DeViNa/Documents/Unreal Projects/VRmolecularBuilderV3/Content/UI_BP/Labels/MoleculeLabelBP.uasset" 545
"../../../../../../Users/DeViNa/Documents/Unreal Projects/VRmolecularBuilderV3/Content/UI_BP/MoleculePrinter_2.uasset" 546
"../../../../../../Users/DeViNa/Documents/Unreal Projects/VRmolecularBuilderV3/Content/UI_BP/ComputerScreenUI/RepetitionCounter.uasset" 547
"../../../../../../Users/DeViNa/Documents/Unreal Projects/VRmolecularBuilderV3/Content/UI_BP/ComputerScreenUI/UI_LoadScreen_standalone.uasset" 548
"../../../../../../Users/DeViNa/Documents/Unreal Projects/VRmolecularBuilderV3/Content/UI_BP/ComputerScreenUI/UI_SaveScreen.uasset" 549
"../../../../../../Users/DeViNa/Documents/Unreal Projects/VRmolecularBuilderV3/Content/UI_BP/ComputerScreenUI/UI_YesNoScreen.uasset" 550
"../../../../../../Users/DeViNa/Documents/Unreal Projects/VRmolecularBuilderV3/Content/UI_BP/Labels/UseComputer.uasset" 551
"../../../../../../Users/DeViNa/Documents/Unreal Projects/VRmolecularBuilderV3/Content/UI_BP/Labels/UseComputerBP.uasset" 552
"../../../../../../Users/DeViNa/Documents/Unreal Projects/VRmolecularBuilderV3/Content/UI_BP/ComputerScreenUI/UI_Screen.uasset" 553
"../../../../../../Users/DeViNa/Documents/Unreal Projects/VRmolecularBuilderV3/Content/UI_BP/ComputerScreenUI/UI_ComputerHomeMenu.uasset" 554
"../../../../../../Users/DeViNa/Documents/Unreal Projects/VRmolecularBuilderV3/Content/Assets/screenCaster/screenCaster_Cube_001.uasset" 555
"../../../../../../Users/DeViNa/Documents/Unreal Projects/VRmolecularBuilderV3/Content/Assets/screenCaster/screenCaster_Cylinder.uasset" 556
"../../../../../../Users/DeViNa/Documents/Unreal Projects/VRmolecularBuilderV3/Content/Particles/thrusterParticle.uasset" 557
"../../../../../../Users/DeViNa/Documents/Unreal Projects/VRmolecularBuilderV3/Content/UI_BP/ComputerScreenUI/UI_Screen_2.uasset" 558
"../../../../../../Users/DeViNa/Documents/Unreal Projects/VRmolecularBuilderV3/Content/Assets/Maps/WindowMat.uasset" 559
"../../../../../../Users/DeViNa/Documents/Unreal Projects/VRmolecularBuilderV3/Content/Assets/Maps/labMap1_Window.uasset" 560
"../../../../../../Users/DeViNa/Documents/Unreal Projects/VRmolecularBuilderV3/Content/Assets/Maps/labMap_Window_Blueprint.uasset" 561
"../../../../../../Users/DeViNa/Documents/Unreal Projects/VRmolecularBuilderV3/Content/Assets/Maps/shutter.uasset" 562
"../../../../../../Users/DeViNa/Documents/Unreal Projects/VRmolecularBuilderV3/Content/Assets/Maps/shutter_Blueprint.uasset" 563
"../../../../../../Users/DeViNa/Documents/Unreal Projects/VRmolecularBuilderV3/Content/Material/MatForCelShading/OpaqueWindow.uasset" 564
"../../../../../../Users/DeViNa/Documents/Unreal Projects/VRmolecularBuilderV3/Content/UI_BP/ComputerScreenUI/WindowOpacifier.uasset" 565
"../../../../../../Users/DeViNa/Documents/Unreal Projects/VRmolecularBuilderV3/Content/UI_BP/Labels/AddAtomLabel.uasset" 566
"../../../../../../Users/DeViNa/Documents/Unreal Projects/VRmolecularBuilderV3/Content/UI_BP/Labels/BP_AddAtomLabel.uasset" 567
"../../../../../../Users/DeViNa/Documents/Unreal Projects/VRmolecularBuilderV3/Content/UI_BP/Labels/RelaxationLabel.uasset" 568
"../../../../../../Users/DeViNa/Documents/Unreal Projects/VRmolecularBuilderV3/Content/UI_BP/Labels/BP_ForceFieldLabel.uasset" 569
"../../../../../../Users/DeViNa/Documents/Unreal Projects/VRmolecularBuilderV3/Content/UI_BP/Labels/RemoveAtomLabel.uasset" 570
"../../../../../../Users/DeViNa/Documents/Unreal Projects/VRmolecularBuilderV3/Content/UI_BP/Labels/BP_RemoveAtomLabel.uasset" 571
"../../../../../../Users/DeViNa/Documents/Unreal Projects/VRmolecularBuilderV3/Content/UI_BP/Labels/SwitchAtomLabel.uasset" 572
"../../../../../../Users/DeViNa/Documents/Unreal Projects/VRmolecularBuilderV3/Content/UI_BP/Labels/BP_SwitchAtomLabel.uasset" 573
"../../../../../../Users/DeViNa/Documents/Unreal Projects/VRmolecularBuilderV3/Content/Assets/ControllerSprites/TeleportButton.uasset" 574
"../../../../../../Users/DeViNa/Documents/Unreal Projects/VRmolecularBuilderV3/Content/UI_BP/Labels/Teleportation.uasset" 575
"../../../../../../Users/DeViNa/Documents/Unreal Projects/VRmolecularBuilderV3/Content/UI_BP/Labels/TelEportHintBP.uasset" 576
"../../../../../../Users/DeViNa/Documents/Unreal Projects/VRmolecularBuilderV3/Content/VirtualReality/Mannequin/Character/Textures/UE4_Mannequin__normals.uasset" 577
"../../../../../../Users/DeViNa/Documents/Unreal Projects/VRmolecularBuilderV3/Content/VirtualReality/Mannequin/Character/Textures/UE4_Mannequin_MAT_MASKA.uasset" 578
"../../../../../../Users/DeViNa/Documents/Unreal Projects/VRmolecularBuilderV3/Content/VirtualReality/Mannequin/Character/Materials/M_HandMat.uasset" 579
"../../../../../../Users/DeViNa/Documents/Unreal Projects/VRmolecularBuilderV3/Content/VirtualReality/Mannequin/Character/Mesh/MannequinHand_Right_PhysicsAsset.uasset" 580
"../../../../../../Users/DeViNa/Documents/Unreal Projects/VRmolecularBuilderV3/Content/VirtualReality/Mannequin/Character/Mesh/MannequinHand_Right.uasset" 581
"../../../../../../Users/DeViNa/Documents/Unreal Projects/VRmolecularBuilderV3/Content/VirtualReality/Materials/GenericHMDMaterial.uasset" 582
"../../../../../../Users/DeViNa/Documents/Unreal Projects/VRmolecularBuilderV3/Content/VirtualReality/Materials/M_BaseMaterial.uasset" 583
"../../../../../../Users/DeViNa/Documents/Unreal Projects/VRmolecularBuilderV3/Content/VirtualReality/Materials/MI_BaseMaterial3.uasset" 584
"../../../../../../Users/DeViNa/Documents/Unreal Projects/VRmolecularBuilderV3/Content/VirtualReality/Materials/MI_SmallCubes.uasset" 585
"../../../../../../Users/DeViNa/Documents/Unreal Projects/VRmolecularBuilderV3/Content/VirtualRealityBP/Maps/LabMode.uasset" 586
"../../../Engine/Content/ArtTools/RenderToTexture/Meshes/S_1_Unit_Plane.uasset" 587
"../../../Engine/Content/BasicShapes/Cone.uasset" 588
"../../../Engine/Content/EditorLandscapeResources/DataLayer.uasset" 589
"../../../Engine/Content/EditorMaterials/GizmoMaterial.uasset" 590
"../../../Engine/Content/EditorMaterials/MAT_Groups_Toggle.uasset" 591
"../../../Engine/Content/EditorMaterials/MAT_Groups_Visibility.uasset" 592
"../../../Engine/Content/EditorMaterials/PreviewShadowIndicator.uasset" 593
"../../../Engine/Content/EditorMaterials/PreviewShadowIndicatorMaterial.uasset" 594
"../../../Engine/Content/EditorMaterials/MatineeGroups/MAT_ColorTrack.uasset" 595
"../../../Engine/Content/EditorMaterials/MatineeGroups/MAT_Groups_Anim.uasset" 596
"../../../Engine/Content/EditorMaterials/MatineeGroups/MAT_Groups_AudioMaster.uasset" 597
"../../../Engine/Content/EditorMaterials/MatineeGroups/MAT_Groups_Director.uasset" 598
"../../../Engine/Content/EditorMaterials/MatineeGroups/MAT_Groups_Event.uasset" 599
"../../../Engine/Content/EditorMaterials/MatineeGroups/MAT_Groups_Fade.uasset" 600
"../../../Engine/Content/EditorMaterials/MatineeGroups/MAT_Groups_Float.uasset" 601
"../../../Engine/Content/EditorMaterials/MatineeGroups/MAT_Groups_Move.uasset" 602
"../../../Engine/Content/EditorMaterials/MatineeGroups/MAT_Groups_Slomo.uasset" 603
"../../../Engine/Content/EditorMaterials/MatineeGroups/MAT_Groups_Sound.uasset" 604
"../../../Engine/Content/EditorMaterials/MatineeGroups/MAT_Groups_Vector.uasset" 605
"../../../Engine/Content/EditorMaterials/ParticleSystems/PSysThumbnail_NoImage.uasset" 606
"../../../Engine/Content/EditorMaterials/ParticleSystems/PSysThumbnail_OOD.uasset" 607
"../../../Engine/Content/EditorMaterials/Camera/CineMat.uasset" 608
"../../../Engine/Content/EditorMaterials/Camera/MI_CineMat_Rig.uasset" 609
"../../../Engine/Content/EditorMeshes/Camera/SM_CraneRig_Arm.uasset" 610
"../../../Engine/Content/EditorMeshes/Camera/SM_CraneRig_Base.uasset" 611
"../../../Engine/Content/EditorMeshes/Camera/SM_CraneRig_Body.uasset" 612
"../../../Engine/Content/EditorMeshes/Camera/SM_CraneRig_Mount.uasset" 613
"../../../Engine/Content/EditorMeshes/Camera/SM_RailRig_Mount.uasset" 614
"../../../Engine/Content/EditorMeshes/Camera/SM_RailRig_Track.uasset" 615
"../../../Engine/Content/EditorResources/BSPVertex.uasset" 616
"../../../Engine/Content/EditorResources/EmptyActor.uasset" 617
"../../../Engine/Content/EditorResources/S_Actor.uasset" 618
"../../../Engine/Content/EditorResources/S_Trigger.uasset" 619
"../../../Engine/Content/EditorResources/LightIcons/S_LightError.uasset" 620
"../../../Engine/Content/EditorResources/SequenceRecorder/Countdown.uasset" 621
"../../../Engine/Content/EditorResources/SequenceRecorder/RecordingIndicator.uasset" 622
"../../../Engine/Content/EditorSounds/Notifications/CompileFailed.uasset" 623
"../../../Engine/Content/EditorSounds/Notifications/CompileFailed_Cue.uasset" 624
"../../../Engine/Content/EditorSounds/Notifications/CompileSuccess.uasset" 625
"../../../Engine/Content/EditorSounds/Notifications/CompileStart_Cue.uasset" 626
"../../../Engine/Content/EditorSounds/Notifications/CompileSuccess_Cue.uasset" 627
"../../../Engine/Content/EngineDamageTypes/DmgTypeBP_Environmental.uasset" 628
"../../../Engine/Content/EngineDebugMaterials/HeatmapGradient.uasset" 629
"../../../Engine/Content/EngineDebugMaterials/BoneWeightMaterial.uasset" 630
"../../../Engine/Content/EngineDebugMaterials/ClothMaterial.uasset" 631
"../../../Engine/Content/EngineDebugMaterials/ClothMaterial_WF.uasset" 632
"../../../Engine/Content/EngineDebugMaterials/DebugEditorMaterial.uasset" 633
"../../../Engine/Content/EngineDebugMaterials/DebugMeshMaterial.uasset" 634
"../../../Engine/Content/EngineDebugMaterials/GeomMaterial.uasset" 635
"../../../Engine/Content/EngineDebugMaterials/M_SimpleTranslucent.uasset" 636
"../../../Engine/Content/EngineFonts/Faces/RobotoBold.uasset" 637
"../../../Engine/Content/EngineFonts/Faces/RobotoBoldItalic.uasset" 638
"../../../Engine/Content/EngineFonts/Faces/RobotoItalic.uasset" 639
"../../../Engine/Content/EngineFonts/Faces/RobotoLight.uasset" 640
"../../../Engine/Content/EngineFonts/Faces/RobotoRegular.uasset" 641
"../../../Engine/Content/EngineFonts/Roboto.uasset" 642
"../../../Engine/Content/EngineFonts/Faces/RobotoTiny.uasset" 643
"../../../Engine/Content/EngineFonts/RobotoTiny.uasset" 644
"../../../Engine/Content/EngineMaterials/BaseFlattenDiffuseMap.uasset" 645
"../../../Engine/Content/EngineMaterials/BaseFlattenEmissiveMap.uasset" 646
"../../../Engine/Content/EngineMaterials/BaseFlattenGrayscaleMap.uasset" 647
"../../../Engine/Content/EngineMaterials/BaseFlattenNormalMap.uasset" 648
"../../../Engine/Content/EngineMaterials/BaseFlattenMaterial.uasset" 649
"../../../Engine/Content/EngineMaterials/DefaultBloomKernel.uasset" 650
"../../../Engine/Content/EngineMaterials/DefaultBokeh.uasset" 651
"../../../Engine/Content/EngineMaterials/DefaultDiffuse.uasset" 652
"../../../Engine/Content/EngineMaterials/DefaultDeferredDecalMaterial.uasset" 653
"../../../Engine/Content/EngineMaterials/DefaultLightFunctionMaterial.uasset" 654
"../../../Engine/Content/EngineMaterials/DefaultPhysicalMaterial.uasset" 655
"../../../Engine/Content/EngineMaterials/DefaultPostProcessMaterial.uasset" 656
"../../../Engine/Content/EngineFonts/RobotoDistanceField.uasset" 657
"../../../Engine/Content/EngineMaterials/DefaultTextMaterialOpaque.uasset" 658
"../../../Engine/Content/EngineMaterials/DefaultWhiteGrid.uasset" 659
"../../../Engine/Content/EngineMaterials/EditorBrushMaterial.uasset" 660
"../../../Engine/Content/EngineMaterials/MiniFont.uasset" 661
"../../../Engine/Content/EngineMaterials/InvalidLightmapSettings.uasset" 662
"../../../Engine/Content/EngineMaterials/M_InvalidLightmapSettings.uasset" 663
"../../../Engine/Content/Functions/Engine_MaterialFunctions02/WorldPositionOffset/CameraOffset.uasset" 664
"../../../Engine/Content/EngineMaterials/PhAT_JointLimitMaterial.uasset" 665
"../../../Engine/Content/EngineMaterials/PreintegratedSkinBRDF.uasset" 666
"../../../Engine/Content/EngineMaterials/RemoveSurfaceMaterial.uasset" 667
"../../../Engine/Content/EngineMaterials/WeightMapPlaceholderTexture.uasset" 668
"../../../Engine/Content/EngineMaterials/Widget3DPassThrough.uasset" 669
"../../../Engine/Content/EngineMaterials/Widget3DPassThrough_Masked.uasset" 670
"../../../Engine/Content/EngineMaterials/Widget3DPassThrough_Opaque.uasset" 671
"../../../Engine/Content/EngineMaterials/Widget3DPassThrough_Masked_OneSided.uasset" 672
"../../../Engine/Content/EngineMaterials/Widget3DPassThrough_Opaque_OneSided.uasset" 673
"../../../Engine/Content/EngineMaterials/Widget3DPassThrough_Translucent.uasset" 674
"../../../Engine/Content/EngineMaterials/Widget3DPassThrough_Translucent_OneSided.uasset" 675
"../../../Engine/Content/EngineResources/Black.uasset" 676
"../../../Engine/Content/EngineResources/DefaultTexture.uasset" 677
"../../../Engine/Content/EngineResources/DefaultTextureCube.uasset" 678
"../../../Engine/Content/EngineResources/DefaultVolumeTexture2D.uasset" 679
"../../../Engine/Content/EngineResources/DefaultVolumeTexture.uasset" 680
"../../../Engine/Content/EngineResources/GradientTexture0.uasset" 681
"../../../Engine/Content/EngineSounds/Master.uasset" 682
"../../../Engine/Content/Functions/Engine_MaterialFunctions01/Shading/ConvertFromDiffSpec.uasset" 683
"../../../Engine/Content/Functions/Engine_MaterialFunctions01/Shading/PowerToRoughness.uasset" 684
"../../../Engine/Content/Maps/Templates/Thumbnails/Default.uasset" 685
"../../../Engine/Content/Maps/Templates/Thumbnails/VR-Basic.uasset" 686
"../../../Engine/Content/MobileResources/T_MobileControls_texture.uasset" 687
"../../../Engine/Content/MobileResources/T_MobileMenu2.uasset" 688
"../../../Engine/Content/MobileResources/HUD/AnalogHat.uasset" 689
"../../../Engine/Content/MobileResources/HUD/VirtualJoystick_Background.uasset" 690
"../../../Engine/Content/MobileResources/HUD/VirtualJoystick_Thumb.uasset" 691
"../../../Engine/Content/MobileResources/HUD/DefaultVirtualJoysticks.uasset" 692
"../../../Engine/Content/MobileResources/HUD/LeftVirtualJoystickOnly.uasset" 693
"../../../Engine/Content/MobileResources/HUD/MobileHUDButton1_off.uasset" 694
"../../../Engine/Content/MobileResources/HUD/MobileHUDButton1_on.uasset" 695
"../../../Engine/Content/MobileResources/HUD/MobileHUDButton2_off.uasset" 696
"../../../Engine/Content/MobileResources/HUD/MobileHUDButton2_on.uasset" 697
"../../../Engine/Content/MobileResources/HUD/MobileHUDButton3.uasset" 698
"../../../Engine/Content/MobileResources/HUD/MobileHUDButtonFire.uasset" 699
"../../../Engine/Content/MobileResources/HUD/MobileHUDDirectionPad.uasset" 700
"../../../Engine/Content/MobileResources/HUD/MobileHUDDirectionPad2.uasset" 701
"../../../Engine/Content/MobileResources/HUD/MobileHUDDirectionPad3.uasset" 702
"../../../Engine/Content/MobileResources/HUD/MobileHUDDirectionStick.uasset" 703
"../../../Engine/Content/MobileResources/HUD/T_Castle_ThumbstickInner.uasset" 704
"../../../Engine/Content/MobileResources/HUD/T_Castle_ThumbstickOutter.uasset" 705
"../../../Engine/Content/Tutorial/ContentIntroCurve.uasset" 706
"../../../Engine/Content/VREditor/LaserPointer/VR_LaserPower_01.uasset" 707
"../../../Engine/Content/VREditor/TransformGizmo/TransformGizmoMaterial.uasset" 708
"../../../Engine/Content/VREditor/TransformGizmo/TranslucentTransformGizmoMaterial.uasset" 709
"../../../Engine/Content/VREditor/TransformGizmo/BoundingBoxCorner.uasset" 710
"../../../Engine/Content/VREditor/TransformGizmo/BoundingBoxEdge.uasset" 711
"../../../Engine/Content/VREditor/TransformGizmo/PlaneTranslationHandle.uasset" 712
"../../../Engine/Content/VREditor/TransformGizmo/Main.uasset" 713
"../../../Engine/Content/VREditor/TransformGizmo/Xray.uasset" 714
"../../../Engine/Content/VREditor/TransformGizmo/SM_Sequencer_Key.uasset" 715
"../../../Engine/Content/VREditor/TransformGizmo/SM_Sequencer_Node.uasset" 716
"../../Plugins/2D/Paper2D/Content/PlaceholderTextures/DummySpriteTexture.uasset" 717
"../../Plugins/2D/Paper2D/Content/DummySprite.uasset" 718
"../../Plugins/2D/Paper2D/Content/DefaultPaperTerrainMaterial.uasset" 719
"../../Plugins/2D/Paper2D/Content/DefaultSpriteMaterial.uasset" 720
"../../Plugins/2D/Paper2D/Content/MaskedUnlitSpriteMaterial.uasset" 721
"../../Plugins/2D/Paper2D/Content/OpaqueUnlitSpriteMaterial.uasset" 722
"../../Plugins/Runtime/Oculus/OculusVR/Content/Materials/PokeAHoleMaterial.uasset" 723
"../../Plugins/Runtime/Oculus/OculusVR/Content/Textures/GearVRController_AO.uasset" 724
"../../Plugins/Runtime/Oculus/OculusVR/Content/Textures/GearVRController_Color.uasset" 725
"../../Plugins/Runtime/Oculus/OculusVR/Content/Textures/GearVRController_Normal.uasset" 726
"../../Plugins/Runtime/Oculus/OculusVR/Content/Materials/GearVRControllerMaterial.uasset" 727
"../../Plugins/Runtime/Oculus/OculusVR/Content/Meshes/GearVrController.uasset" 728
"../../Plugins/Runtime/Oculus/OculusVR/Content/Textures/touchController_albedo.uasset" 729
"../../Plugins/Runtime/Oculus/OculusVR/Content/Textures/touchController_controlmap.uasset" 730
"../../Plugins/Runtime/Oculus/OculusVR/Content/Materials/touchController_mat.uasset" 731
"../../Plugins/Runtime/Oculus/OculusVR/Content/Meshes/LeftTouchController.uasset" 732
"../../Plugins/Runtime/Oculus/OculusVR/Content/Meshes/RiftHMD.uasset" 733
"../../Plugins/Runtime/Oculus/OculusVR/Content/Meshes/RightTouchController.uasset" 734
"../../../../../../Users/DeViNa/Documents/Unreal Projects/VRmolecularBuilderV3/Content/VirtualRealityBP/Blueprints/DebugActor.uasset" 735
"../../../../../../Users/DeViNa/Documents/Unreal Projects/VRmolecularBuilderV3/Content/Assets/Desk/M_DeskMat.uasset" 736
"../../../../../../Users/DeViNa/Documents/Unreal Projects/VRmolecularBuilderV3/Content/Assets/Desk/desk.uasset" 737
"../../../../../../Users/DeViNa/Documents/Unreal Projects/VRmolecularBuilderV3/Content/Assets/Desk/desk_Blueprint.uasset" 738
"../../../../../../Users/DeViNa/Documents/Unreal Projects/VRmolecularBuilderV3/Content/Assets/DoorPad/hand1.uasset" 739
"../../../../../../Users/DeViNa/Documents/Unreal Projects/VRmolecularBuilderV3/Content/Assets/DoorPad/hand2.uasset" 740
"../../../../../../Users/DeViNa/Documents/Unreal Projects/VRmolecularBuilderV3/Content/Assets/DoorPad/PadMat.uasset" 741
"../../../../../../Users/DeViNa/Documents/Unreal Projects/VRmolecularBuilderV3/Content/Assets/DoorPad/DoorPad.uasset" 742
"../../../../../../Users/DeViNa/Documents/Unreal Projects/VRmolecularBuilderV3/Content/Assets/DoorPad/LoadingLabel.uasset" 743
"../../../../../../Users/DeViNa/Documents/Unreal Projects/VRmolecularBuilderV3/Content/Assets/DoorPad/DoorPadActor.uasset" 744
"../../../../../../Users/DeViNa/Documents/Unreal Projects/VRmolecularBuilderV3/Content/Material/RegularMat/Neon.uasset" 745
"../../../../../../Users/DeViNa/Documents/Unreal Projects/VRmolecularBuilderV3/Content/Assets/Lights/NeonLight_White.uasset" 746
"../../../../../../Users/DeViNa/Documents/Unreal Projects/VRmolecularBuilderV3/Content/PhysicsBP/SessionParam.uasset" 747
"../../../../../../Users/DeViNa/Documents/Unreal Projects/VRmolecularBuilderV3/Content/UI_BP/ComputerScreenUI/UI_Screen_3.uasset" 748
"../../../../../../Users/DeViNa/Documents/Unreal Projects/VRmolecularBuilderV3/Content/Animations/FadeIn.uasset" 749
"../../../../../../Users/DeViNa/Documents/Unreal Projects/VRmolecularBuilderV3/Content/VirtualRealityBP/Maps/Lab_BuiltData.uasset" 750
"../../../../../../Users/DeViNa/Documents/Unreal Projects/VRmolecularBuilderV3/Content/Material/MatForCelShading/LightBeamMat.uasset" 751
"../../../../../../Users/DeViNa/Documents/Unreal Projects/VRmolecularBuilderV3/Content/Material/MatForCelShading/CelShadingPP.uasset" 752
"../../../../../../Users/DeViNa/Documents/Unreal Projects/VRmolecularBuilderV3/Content/Material/MatForCelShading/CelShadingPP_Inst.uasset" 753
"../../../../../../Users/DeViNa/Documents/Unreal Projects/VRmolecularBuilderV3/Content/Material/OutlineMaterials/PP_OutlineCustomDepthOcclusion.uasset" 754
"../../../../../../Users/DeViNa/Documents/Unreal Projects/VRmolecularBuilderV3/Content/Material/OutlineMaterials/PP_OutlineCustomDepthOcclusion_Inst.uasset" 755
"../../../../../../Users/DeViNa/Documents/Unreal Projects/VRmolecularBuilderV3/Content/VirtualReality/Materials/MI_BaseMaterial2.uasset" 756
"../../../../../../Users/DeViNa/Documents/Unreal Projects/VRmolecularBuilderV3/Content/Assets/LowPoly-Trees/Trunk_001.uasset" 757
"../../../../../../Users/DeViNa/Documents/Unreal Projects/VRmolecularBuilderV3/Content/Assets/LowPoly-Trees/Fir_Tree.uasset" 758
"../../../../../../Users/DeViNa/Documents/Unreal Projects/VRmolecularBuilderV3/Content/Assets/LowPoly-Trees/Oak_Tree.uasset" 759
"../../../../../../Users/DeViNa/Documents/Unreal Projects/VRmolecularBuilderV3/Content/Assets/Maps/NoTeleportMap.uasset" 760
"../../../../../../Users/DeViNa/Documents/Unreal Projects/VRmolecularBuilderV3/Content/Assets/Paper/Tape.uasset" 761
"../../../../../../Users/DeViNa/Documents/Unreal Projects/VRmolecularBuilderV3/Content/Assets/Paper/tapetransparency.uasset" 762
"../../../../../../Users/DeViNa/Documents/Unreal Projects/VRmolecularBuilderV3/Content/Assets/Paper/toNapura.uasset" 763
"../../../../../../Users/DeViNa/Documents/Unreal Projects/VRmolecularBuilderV3/Content/Assets/Paper/ToNarupa.uasset" 764
"../../../../../../Users/DeViNa/Documents/Unreal Projects/VRmolecularBuilderV3/Content/Assets/Paper/paper.uasset" 765
"../../../../../../Users/DeViNa/Documents/Unreal Projects/VRmolecularBuilderV3/Content/Material/LUT_Tables/LUT_Filmic.uasset" 766
"../../../../../../Users/DeViNa/Documents/Unreal Projects/VRmolecularBuilderV3/Content/VirtualRealityBP/Maps/Lab.umap" 767
"../../../../../../Users/DeViNa/Documents/Unreal Projects/VRmolecularBuilderV3/Content/UI_BP/ComputerScreenUI/UI_StartKeyboard.uasset" 768
"../../../../../../Users/DeViNa/Documents/Unreal Projects/VRmolecularBuilderV3/Content/UI_BP/Labels/TypeName.uasset" 769
"../../../../../../Users/DeViNa/Documents/Unreal Projects/VRmolecularBuilderV3/Content/UI_BP/Labels/TypeNameBP.uasset" 770
"../../../../../../Users/DeViNa/Documents/Unreal Projects/VRmolecularBuilderV3/Content/UI_BP/TutorialUI/blackAndWhiteChoice.uasset" 771
"../../../../../../Users/DeViNa/Documents/Unreal Projects/VRmolecularBuilderV3/Content/UI_BP/TutorialUI/blackAndWhiteBP.uasset" 772
"../../../../../../Users/DeViNa/Documents/Unreal Projects/VRmolecularBuilderV3/Content/UI_BP/TutorialUI/tutorialChoice.uasset" 773
"../../../../../../Users/DeViNa/Documents/Unreal Projects/VRmolecularBuilderV3/Content/UI_BP/TutorialUI/tutorialChoiceBP.uasset" 774
"../../../../../../Users/DeViNa/Documents/Unreal Projects/VRmolecularBuilderV3/Content/VirtualRealityBP/Blueprints/MotionControllerPawn_StartScreen.uasset" 775
"../../../../../../Users/DeViNa/Documents/Unreal Projects/VRmolecularBuilderV3/Content/VirtualRealityBP/Maps/StartScreenGameMode.uasset" 776
"../../../../../../Users/DeViNa/Documents/Unreal Projects/VRmolecularBuilderV3/Content/Material/MatForStartScreen/Gradient.uasset" 777
"../../../../../../Users/DeViNa/Documents/Unreal Projects/VRmolecularBuilderV3/Content/Material/MatForStartScreen/Gradient_Inst.uasset" 778
"../../../../../../Users/DeViNa/Documents/Unreal Projects/VRmolecularBuilderV3/Content/Material/MatForStartScreen/UnlitGround.uasset" 779
"../../../../../../Users/DeViNa/Documents/Unreal Projects/VRmolecularBuilderV3/Content/Material/MatForStartScreen/UnlitGround_Inst.uasset" 780
"../../../../../../Users/DeViNa/Documents/Unreal Projects/VRmolecularBuilderV3/Content/VirtualRealityBP/Maps/StartScreen.umap" 781
"../../../../../../Users/DeViNa/Documents/Unreal Projects/VRmolecularBuilderV3/Content/VirtualRealityBP/Maps/TutorialMaps/Tutorial1.umap" 782
"../../../Engine/Content/Maps/Entry_BuiltData.uasset" 783
"../../../Engine/Content/Maps/Entry.umap" 784
